#
# There is insufficient memory for the Java Runtime Environment to continue.
# Native memory allocation (mmap) failed to map 10485760 bytes for G1 virtual space
# Possible reasons:
#   The system is out of physical RAM or swap space
#   The process is running with CompressedOops enabled, and the Java Heap may be blocking the growth of the native heap
# Possible solutions:
#   Reduce memory load on the system
#   Increase physical memory or swap space
#   Check if swap backing store is full
#   Decrease Java heap size (-Xmx/-Xms)
#   Decrease number of Java threads
#   Decrease Java thread stack sizes (-Xss)
#   Set larger code cache with -XX:ReservedCodeCacheSize=
#   JVM is running with Unscaled Compressed Oops mode in which the Java heap is
#     placed in the first 4GB address space. The Java Heap base address is the
#     maximum limit for the native heap growth. Please use -XX:HeapBaseMinAddress
#     to set the Java Heap base and to place the Java Heap above 4GB virtual address.
# This output file may be truncated or incomplete.
#
#  Out of Memory Error (os_windows.cpp:3603), pid=15160, tid=17948
#
# JRE version: Java(TM) SE Runtime Environment (21.0.8+12) (build 21.0.8+12-LTS-250)
# Java VM: Java HotSpot(TM) 64-Bit Server VM (21.0.8+12-LTS-250, mixed mode, emulated-client, sharing, tiered, compressed oops, compressed class ptrs, g1 gc, windows-amd64)
# No core dump will be written. Minidumps are not enabled by default on client versions of Windows
#

---------------  S U M M A R Y ------------

Command Line: -XX:TieredStopAtLevel=1 com.example.springbootagrolink.SpringBootAgrolinkApplication

Host: 12th Gen Intel(R) Core(TM) i3-1215U, 8 cores, 7G,  Windows 11 , 64 bit Build 26100 (10.0.26100.7309)
Time: Sun Dec  7 01:20:43 2025 Hora est. Pacífico, Sudamérica elapsed time: 9.581825 seconds (0d 0h 0m 9s)

---------------  T H R E A D  ---------------

Current thread (0x0000022fbae15540):  VMThread "VM Thread"          [id=17948, stack(0x0000007202800000,0x0000007202900000) (1024K)]

Stack: [0x0000007202800000,0x0000007202900000]
Native frames: (J=compiled Java code, j=interpreted, Vv=VM code, C=native code)
V  [jvm.dll+0x6cc179]
V  [jvm.dll+0x8584c1]
V  [jvm.dll+0x85a9ee]
V  [jvm.dll+0x85b0c3]
V  [jvm.dll+0x27ebf6]
V  [jvm.dll+0x6c88f5]
V  [jvm.dll+0x6bd45a]
V  [jvm.dll+0x354b1a]
V  [jvm.dll+0x35c796]
V  [jvm.dll+0x3af85e]
V  [jvm.dll+0x3afb08]
V  [jvm.dll+0x328e2c]
V  [jvm.dll+0x328eb7]
V  [jvm.dll+0x36d7dc]
V  [jvm.dll+0x36c02e]
V  [jvm.dll+0x3285f1]
V  [jvm.dll+0x36b74a]
V  [jvm.dll+0x860e90]
V  [jvm.dll+0x862214]
V  [jvm.dll+0x862750]
V  [jvm.dll+0x8629f3]
V  [jvm.dll+0x80279b]
V  [jvm.dll+0x6ca85d]
C  [ucrtbase.dll+0x37b0]
C  [KERNEL32.DLL+0x2e8d7]
C  [ntdll.dll+0x8c53c]

VM_Operation (0x00000072036f7a10): G1CollectForAllocation, mode: safepoint, requested by thread 0x0000022f80931ec0


---------------  P R O C E S S  ---------------

Threads class SMR info:
_java_thread_list=0x0000022f81a083e0, length=21, elements={
0x0000022faa7b2dd0, 0x0000022fbae2eef0, 0x0000022fbae2f940, 0x0000022fbae339a0,
0x0000022fbae34880, 0x0000022fbae372e0, 0x0000022fbae38d40, 0x0000022fbae4a2b0,
0x0000022f80082010, 0x0000022f800fed90, 0x0000022f8013bf00, 0x0000022f80143dd0,
0x0000022f805ff8e0, 0x0000022f809242a0, 0x0000022f80931ec0, 0x0000022f81a08bc0,
0x0000022f81a09220, 0x0000022f81a0a890, 0x0000022f819e4890, 0x0000022f82533a70,
0x0000022f82604950
}

Java Threads: ( => current thread )
  0x0000022faa7b2dd0 JavaThread "main"                              [_thread_blocked, id=48972, stack(0x0000007202100000,0x0000007202200000) (1024K)]
  0x0000022fbae2eef0 JavaThread "Reference Handler"          daemon [_thread_blocked, id=20100, stack(0x0000007202900000,0x0000007202a00000) (1024K)]
  0x0000022fbae2f940 JavaThread "Finalizer"                  daemon [_thread_blocked, id=50164, stack(0x0000007202a00000,0x0000007202b00000) (1024K)]
  0x0000022fbae339a0 JavaThread "Signal Dispatcher"          daemon [_thread_blocked, id=30704, stack(0x0000007202b00000,0x0000007202c00000) (1024K)]
  0x0000022fbae34880 JavaThread "Attach Listener"            daemon [_thread_blocked, id=51056, stack(0x0000007202c00000,0x0000007202d00000) (1024K)]
  0x0000022fbae372e0 JavaThread "Service Thread"             daemon [_thread_blocked, id=25572, stack(0x0000007202d00000,0x0000007202e00000) (1024K)]
  0x0000022fbae38d40 JavaThread "Monitor Deflation Thread"   daemon [_thread_blocked, id=48180, stack(0x0000007202e00000,0x0000007202f00000) (1024K)]
  0x0000022fbae4a2b0 JavaThread "C1 CompilerThread0"         daemon [_thread_blocked, id=45964, stack(0x0000007202f00000,0x0000007203000000) (1024K)]
  0x0000022f80082010 JavaThread "C1 CompilerThread1"         daemon [_thread_blocked, id=44212, stack(0x0000007203000000,0x0000007203100000) (1024K)]
  0x0000022f800fed90 JavaThread "C1 CompilerThread2"         daemon [_thread_blocked, id=37088, stack(0x0000007203100000,0x0000007203200000) (1024K)]
  0x0000022f8013bf00 JavaThread "Notification Thread"        daemon [_thread_blocked, id=39556, stack(0x0000007203200000,0x0000007203300000) (1024K)]
  0x0000022f80143dd0 JavaThread "Common-Cleaner"             daemon [_thread_blocked, id=39292, stack(0x0000007203300000,0x0000007203400000) (1024K)]
  0x0000022f805ff8e0 JavaThread "C1 CompilerThread3"         daemon [_thread_blocked, id=40812, stack(0x0000007203400000,0x0000007203500000) (1024K)]
  0x0000022f809242a0 JavaThread "Thread-0"                          [_thread_blocked, id=21280, stack(0x0000007203500000,0x0000007203600000) (1024K)]
  0x0000022f80931ec0 JavaThread "restartedMain"                     [_thread_blocked, id=48704, stack(0x0000007203600000,0x0000007203700000) (1024K)]
  0x0000022f81a08bc0 JavaThread "Catalina-utility-1"                [_thread_blocked, id=22856, stack(0x0000007203f00000,0x0000007204000000) (1024K)]
  0x0000022f81a09220 JavaThread "Catalina-utility-2"                [_thread_blocked, id=38516, stack(0x0000007204000000,0x0000007204100000) (1024K)]
  0x0000022f81a0a890 JavaThread "container-0"                       [_thread_blocked, id=22276, stack(0x0000007204100000,0x0000007204200000) (1024K)]
  0x0000022f819e4890 JavaThread "mysql-cj-abandoned-connection-cleanup" daemon [_thread_blocked, id=5308, stack(0x0000007204200000,0x0000007204300000) (1024K)]
  0x0000022f82533a70 JavaThread "HikariPool-1:housekeeper"   daemon [_thread_blocked, id=20528, stack(0x0000007204400000,0x0000007204500000) (1024K)]
  0x0000022f82604950 JavaThread "HikariPool-1:connection-adder" daemon [_thread_blocked, id=16780, stack(0x0000007204500000,0x0000007204600000) (1024K)]
Total: 21

Other Threads:
=>0x0000022fbae15540 VMThread "VM Thread"                           [id=17948, stack(0x0000007202800000,0x0000007202900000) (1024K)]
  0x0000022fbae029e0 WatcherThread "VM Periodic Task Thread"        [id=1392, stack(0x0000007202700000,0x0000007202800000) (1024K)]
  0x0000022faa80d9a0 WorkerThread "GC Thread#0"                     [id=47896, stack(0x0000007202200000,0x0000007202300000) (1024K)]
  0x0000022f8093a680 WorkerThread "GC Thread#1"                     [id=2144, stack(0x0000007203700000,0x0000007203800000) (1024K)]
  0x0000022f809acd40 WorkerThread "GC Thread#2"                     [id=29476, stack(0x0000007203800000,0x0000007203900000) (1024K)]
  0x0000022f8093ae20 WorkerThread "GC Thread#3"                     [id=19024, stack(0x0000007203900000,0x0000007203a00000) (1024K)]
  0x0000022f8093b1c0 WorkerThread "GC Thread#4"                     [id=49872, stack(0x0000007203a00000,0x0000007203b00000) (1024K)]
  0x0000022f8093b560 WorkerThread "GC Thread#5"                     [id=36652, stack(0x0000007203b00000,0x0000007203c00000) (1024K)]
  0x0000022f80b2b8f0 WorkerThread "GC Thread#6"                     [id=19852, stack(0x0000007203d00000,0x0000007203e00000) (1024K)]
  0x0000022f80b29f90 WorkerThread "GC Thread#7"                     [id=48352, stack(0x0000007203e00000,0x0000007203f00000) (1024K)]
  0x0000022faa81efa0 ConcurrentGCThread "G1 Main Marker"            [id=46456, stack(0x0000007202300000,0x0000007202400000) (1024K)]
  0x0000022faa81faa0 WorkerThread "G1 Conc#0"                       [id=44508, stack(0x0000007202400000,0x0000007202500000) (1024K)]
  0x0000022f80b2a6d0 WorkerThread "G1 Conc#1"                       [id=48428, stack(0x0000007203c00000,0x0000007203d00000) (1024K)]
  0x0000022fbacc67f0 ConcurrentGCThread "G1 Refine#0"               [id=44500, stack(0x0000007202500000,0x0000007202600000) (1024K)]
  0x0000022fbacc8210 ConcurrentGCThread "G1 Service"                [id=48868, stack(0x0000007202600000,0x0000007202700000) (1024K)]
Total: 15

Threads with active compile tasks:
Total: 0

VM state: at safepoint (normal execution)

VM Mutex/Monitor currently owned by a thread:  ([mutex/lock_event])
[0x00007ffab5dd0e50] Threads_lock - owner thread: 0x0000022fbae15540
[0x00007ffab5dd0f50] Heap_lock - owner thread: 0x0000022f80931ec0

Heap address: 0x0000000084800000, size: 1976 MB, Compressed Oops mode: 32-bit

CDS archive(s) mapped at: [0x0000022fbb000000-0x0000022fbbc90000-0x0000022fbbc90000), size 13172736, SharedBaseAddress: 0x0000022fbb000000, ArchiveRelocationMode: 1.
Compressed class space mapped at: 0x0000022fbc000000-0x0000022ffc000000, reserved size: 1073741824
Narrow klass base: 0x0000022fbb000000, Narrow klass shift: 0, Narrow klass range: 0x100000000

GC Precious Log:
 CardTable entry size: 512
 Card Set container configuration: InlinePtr #cards 5 size 8 Array Of Cards #cards 12 size 40 Howl #buckets 4 coarsen threshold 1843 Howl Bitmap #cards 512 size 80 coarsen threshold 460 Card regions per heap region 1 cards per card region 2048
 CPUs: 8 total, 8 available
 Memory: 7896M
 Large Page Support: Disabled
 NUMA Support: Disabled
 Compressed Oops: Enabled (32-bit)
 Heap Region Size: 1M
 Heap Min Capacity: 8M
 Heap Initial Capacity: 124M
 Heap Max Capacity: 1976M
 Pre-touch: Disabled
 Parallel Workers: 8
 Concurrent Workers: 2
 Concurrent Refinement Workers: 8
 Periodic GC: Disabled

Heap:
 garbage-first heap   total 75776K, used 42066K [0x0000000084800000, 0x0000000100000000)
  region size 1024K, 4 young (4096K), 4 survivors (4096K)
 Metaspace       used 67717K, committed 68416K, reserved 1114112K
  class space    used 9995K, committed 10304K, reserved 1048576K

Heap Regions: E=young(eden), S=young(survivor), O=old, HS=humongous(starts), HC=humongous(continues), CS=collection set, F=free, TAMS=top-at-mark-start, PB=parsable bottom
|   0|0x0000000084800000, 0x0000000084900000, 0x0000000084900000|100%|HS|  |TAMS 0x0000000084800000| PB 0x0000000084800000| Complete 
|   1|0x0000000084900000, 0x0000000084a00000, 0x0000000084a00000|100%|HS|  |TAMS 0x0000000084900000| PB 0x0000000084900000| Complete 
|   2|0x0000000084a00000, 0x0000000084b00000, 0x0000000084b00000|100%| O|  |TAMS 0x0000000084a00000| PB 0x0000000084a00000| Untracked 
|   3|0x0000000084b00000, 0x0000000084c00000, 0x0000000084c00000|100%| O|  |TAMS 0x0000000084b00000| PB 0x0000000084b00000| Untracked 
|   4|0x0000000084c00000, 0x0000000084d00000, 0x0000000084d00000|100%| O|  |TAMS 0x0000000084c00000| PB 0x0000000084c00000| Untracked 
|   5|0x0000000084d00000, 0x0000000084e00000, 0x0000000084e00000|100%| O|  |TAMS 0x0000000084d00000| PB 0x0000000084d00000| Untracked 
|   6|0x0000000084e00000, 0x0000000084eff980, 0x0000000084f00000| 99%| O|  |TAMS 0x0000000084e00000| PB 0x0000000084e00000| Untracked 
|   7|0x0000000084f00000, 0x0000000085000000, 0x0000000085000000|100%| O|  |TAMS 0x0000000084f00000| PB 0x0000000084f00000| Untracked 
|   8|0x0000000085000000, 0x0000000085100000, 0x0000000085100000|100%| O|  |TAMS 0x0000000085000000| PB 0x0000000085000000| Untracked 
|   9|0x0000000085100000, 0x0000000085200000, 0x0000000085200000|100%| O|  |TAMS 0x0000000085100000| PB 0x0000000085100000| Untracked 
|  10|0x0000000085200000, 0x0000000085300000, 0x0000000085300000|100%| O|  |TAMS 0x0000000085200000| PB 0x0000000085200000| Untracked 
|  11|0x0000000085300000, 0x0000000085400000, 0x0000000085400000|100%| O|  |TAMS 0x0000000085300000| PB 0x0000000085300000| Untracked 
|  12|0x0000000085400000, 0x0000000085500000, 0x0000000085500000|100%| O|  |TAMS 0x0000000085400000| PB 0x0000000085400000| Untracked 
|  13|0x0000000085500000, 0x0000000085600000, 0x0000000085600000|100%| O|  |TAMS 0x0000000085500000| PB 0x0000000085500000| Untracked 
|  14|0x0000000085600000, 0x0000000085700000, 0x0000000085700000|100%| O|  |TAMS 0x0000000085600000| PB 0x0000000085600000| Untracked 
|  15|0x0000000085700000, 0x0000000085800000, 0x0000000085800000|100%| O|  |TAMS 0x0000000085700000| PB 0x0000000085700000| Untracked 
|  16|0x0000000085800000, 0x0000000085900000, 0x0000000085900000|100%| O|  |TAMS 0x0000000085800000| PB 0x0000000085800000| Untracked 
|  17|0x0000000085900000, 0x0000000085a00000, 0x0000000085a00000|100%| O|  |TAMS 0x0000000085900000| PB 0x0000000085900000| Untracked 
|  18|0x0000000085a00000, 0x0000000085b00000, 0x0000000085b00000|100%| O|  |TAMS 0x0000000085a00000| PB 0x0000000085a00000| Untracked 
|  19|0x0000000085b00000, 0x0000000085c00000, 0x0000000085c00000|100%| O|  |TAMS 0x0000000085b00000| PB 0x0000000085b00000| Untracked 
|  20|0x0000000085c00000, 0x0000000085d00000, 0x0000000085d00000|100%| O|  |TAMS 0x0000000085c00000| PB 0x0000000085c00000| Untracked 
|  21|0x0000000085d00000, 0x0000000085e00000, 0x0000000085e00000|100%| O|  |TAMS 0x0000000085d00000| PB 0x0000000085d00000| Untracked 
|  22|0x0000000085e00000, 0x0000000085f00000, 0x0000000085f00000|100%| O|  |TAMS 0x0000000085e00000| PB 0x0000000085e00000| Untracked 
|  23|0x0000000085f00000, 0x0000000086000000, 0x0000000086000000|100%| O|  |TAMS 0x0000000085f00000| PB 0x0000000085f00000| Untracked 
|  24|0x0000000086000000, 0x0000000086100000, 0x0000000086100000|100%| O|  |TAMS 0x0000000086000000| PB 0x0000000086000000| Untracked 
|  25|0x0000000086100000, 0x0000000086200000, 0x0000000086200000|100%| O|  |TAMS 0x0000000086100000| PB 0x0000000086100000| Untracked 
|  26|0x0000000086200000, 0x0000000086300000, 0x0000000086300000|100%| O|  |TAMS 0x0000000086200000| PB 0x0000000086200000| Untracked 
|  27|0x0000000086300000, 0x0000000086400000, 0x0000000086400000|100%| O|  |TAMS 0x0000000086300000| PB 0x0000000086300000| Untracked 
|  28|0x0000000086400000, 0x0000000086400000, 0x0000000086500000|  0%| F|  |TAMS 0x0000000086400000| PB 0x0000000086400000| Untracked 
|  29|0x0000000086500000, 0x0000000086600000, 0x0000000086600000|100%| O|  |TAMS 0x0000000086500000| PB 0x0000000086500000| Untracked 
|  30|0x0000000086600000, 0x0000000086700000, 0x0000000086700000|100%| O|  |TAMS 0x0000000086600000| PB 0x0000000086600000| Untracked 
|  31|0x0000000086700000, 0x0000000086800000, 0x0000000086800000|100%| O|  |TAMS 0x0000000086700000| PB 0x0000000086700000| Untracked 
|  32|0x0000000086800000, 0x0000000086900000, 0x0000000086900000|100%| O|  |TAMS 0x0000000086800000| PB 0x0000000086800000| Untracked 
|  33|0x0000000086900000, 0x0000000086a00000, 0x0000000086a00000|100%| O|  |TAMS 0x0000000086900000| PB 0x0000000086900000| Untracked 
|  34|0x0000000086a00000, 0x0000000086b00000, 0x0000000086b00000|100%| O|  |TAMS 0x0000000086a00000| PB 0x0000000086a00000| Untracked 
|  35|0x0000000086b00000, 0x0000000086c00000, 0x0000000086c00000|100%| O|  |TAMS 0x0000000086b00000| PB 0x0000000086b00000| Untracked 
|  36|0x0000000086c00000, 0x0000000086d00000, 0x0000000086d00000|100%| O|  |TAMS 0x0000000086c00000| PB 0x0000000086c00000| Untracked 
|  37|0x0000000086d00000, 0x0000000086d07520, 0x0000000086e00000|  2%| O|  |TAMS 0x0000000086d00000| PB 0x0000000086d00000| Untracked 
|  38|0x0000000086e00000, 0x0000000086f00000, 0x0000000086f00000|100%| O|  |TAMS 0x0000000086e00000| PB 0x0000000086e00000| Untracked 
|  39|0x0000000086f00000, 0x0000000086f00000, 0x0000000087000000|  0%| F|  |TAMS 0x0000000086f00000| PB 0x0000000086f00000| Untracked 
|  40|0x0000000087000000, 0x0000000087000000, 0x0000000087100000|  0%| F|  |TAMS 0x0000000087000000| PB 0x0000000087000000| Untracked 
|  41|0x0000000087100000, 0x0000000087100000, 0x0000000087200000|  0%| F|  |TAMS 0x0000000087100000| PB 0x0000000087100000| Untracked 
|  42|0x0000000087200000, 0x0000000087200000, 0x0000000087300000|  0%| F|  |TAMS 0x0000000087200000| PB 0x0000000087200000| Untracked 
|  43|0x0000000087300000, 0x0000000087300000, 0x0000000087400000|  0%| F|  |TAMS 0x0000000087300000| PB 0x0000000087300000| Untracked 
|  44|0x0000000087400000, 0x000000008740dc68, 0x0000000087500000|  5%| S|CS|TAMS 0x0000000087400000| PB 0x0000000087400000| Complete 
|  45|0x0000000087500000, 0x0000000087600000, 0x0000000087600000|100%| S|CS|TAMS 0x0000000087500000| PB 0x0000000087500000| Complete 
|  46|0x0000000087600000, 0x0000000087700000, 0x0000000087700000|100%| S|CS|TAMS 0x0000000087600000| PB 0x0000000087600000| Complete 
|  47|0x0000000087700000, 0x0000000087700000, 0x0000000087800000|  0%| F|  |TAMS 0x0000000087700000| PB 0x0000000087700000| Untracked 
|  48|0x0000000087800000, 0x0000000087800000, 0x0000000087900000|  0%| F|  |TAMS 0x0000000087800000| PB 0x0000000087800000| Untracked 
|  49|0x0000000087900000, 0x0000000087900000, 0x0000000087a00000|  0%| F|  |TAMS 0x0000000087900000| PB 0x0000000087900000| Untracked 
|  50|0x0000000087a00000, 0x0000000087b00000, 0x0000000087b00000|100%| S|CS|TAMS 0x0000000087a00000| PB 0x0000000087a00000| Complete 
|  51|0x0000000087b00000, 0x0000000087b00000, 0x0000000087c00000|  0%| F|  |TAMS 0x0000000087b00000| PB 0x0000000087b00000| Untracked 
|  52|0x0000000087c00000, 0x0000000087c00000, 0x0000000087d00000|  0%| F|  |TAMS 0x0000000087c00000| PB 0x0000000087c00000| Untracked 
|  53|0x0000000087d00000, 0x0000000087d00000, 0x0000000087e00000|  0%| F|  |TAMS 0x0000000087d00000| PB 0x0000000087d00000| Untracked 
|  54|0x0000000087e00000, 0x0000000087e00000, 0x0000000087f00000|  0%| F|  |TAMS 0x0000000087e00000| PB 0x0000000087e00000| Untracked 
|  55|0x0000000087f00000, 0x0000000087f00000, 0x0000000088000000|  0%| F|  |TAMS 0x0000000087f00000| PB 0x0000000087f00000| Untracked 
|  56|0x0000000088000000, 0x0000000088000000, 0x0000000088100000|  0%| F|  |TAMS 0x0000000088000000| PB 0x0000000088000000| Untracked 
|  57|0x0000000088100000, 0x0000000088100000, 0x0000000088200000|  0%| F|  |TAMS 0x0000000088100000| PB 0x0000000088100000| Untracked 
|  58|0x0000000088200000, 0x0000000088200000, 0x0000000088300000|  0%| F|  |TAMS 0x0000000088200000| PB 0x0000000088200000| Untracked 
|  59|0x0000000088300000, 0x0000000088300000, 0x0000000088400000|  0%| F|  |TAMS 0x0000000088300000| PB 0x0000000088300000| Untracked 
|  60|0x0000000088400000, 0x0000000088400000, 0x0000000088500000|  0%| F|  |TAMS 0x0000000088400000| PB 0x0000000088400000| Untracked 
|  61|0x0000000088500000, 0x0000000088500000, 0x0000000088600000|  0%| F|  |TAMS 0x0000000088500000| PB 0x0000000088500000| Untracked 
|  62|0x0000000088600000, 0x0000000088600000, 0x0000000088700000|  0%| F|  |TAMS 0x0000000088600000| PB 0x0000000088600000| Untracked 
|  63|0x0000000088700000, 0x0000000088700000, 0x0000000088800000|  0%| F|  |TAMS 0x0000000088700000| PB 0x0000000088700000| Untracked 
|  64|0x0000000088800000, 0x0000000088800000, 0x0000000088900000|  0%| F|  |TAMS 0x0000000088800000| PB 0x0000000088800000| Untracked 
|  75|0x0000000089300000, 0x0000000089300000, 0x0000000089400000|  0%| F|  |TAMS 0x0000000089300000| PB 0x0000000089300000| Untracked 
|  76|0x0000000089400000, 0x0000000089400000, 0x0000000089500000|  0%| F|  |TAMS 0x0000000089400000| PB 0x0000000089400000| Untracked 
|  77|0x0000000089500000, 0x0000000089500000, 0x0000000089600000|  0%| F|  |TAMS 0x0000000089500000| PB 0x0000000089500000| Untracked 
|  78|0x0000000089600000, 0x0000000089600000, 0x0000000089700000|  0%| F|  |TAMS 0x0000000089600000| PB 0x0000000089600000| Untracked 
|  79|0x0000000089700000, 0x0000000089700000, 0x0000000089800000|  0%| F|  |TAMS 0x0000000089700000| PB 0x0000000089700000| Untracked 
|  80|0x0000000089800000, 0x0000000089800000, 0x0000000089900000|  0%| F|  |TAMS 0x0000000089800000| PB 0x0000000089800000| Untracked 
|  81|0x0000000089900000, 0x0000000089900000, 0x0000000089a00000|  0%| F|  |TAMS 0x0000000089900000| PB 0x0000000089900000| Untracked 
| 123|0x000000008c300000, 0x000000008c300000, 0x000000008c400000|  0%| F|  |TAMS 0x000000008c300000| PB 0x000000008c300000| Untracked 
|1975|0x00000000fff00000, 0x0000000100000000, 0x0000000100000000|100%| O|  |TAMS 0x00000000fff00000| PB 0x00000000fff00000| Untracked 

Card table byte_map: [0x0000022fb6110000,0x0000022fb64f0000] _byte_map_base: 0x0000022fb5cec000

Marking Bits: (CMBitMap*) 0x0000022faa80e0a0
 Bits: [0x0000022fb64f0000, 0x0000022fb83d0000)

Polling page: 0x0000022fa8660000

Metaspace:

Usage:
  Non-class:     56.37 MB used.
      Class:      9.76 MB used.
       Both:     66.13 MB used.

Virtual space:
  Non-class space:       64.00 MB reserved,      56.75 MB ( 89%) committed,  1 nodes.
      Class space:        1.00 GB reserved,      10.06 MB ( <1%) committed,  1 nodes.
             Both:        1.06 GB reserved,      66.81 MB (  6%) committed. 

Chunk freelists:
   Non-Class:  6.38 MB
       Class:  5.84 MB
        Both:  12.22 MB

MaxMetaspaceSize: unlimited
CompressedClassSpaceSize: 1.00 GB
Initial GC threshold: 21.00 MB
Current GC threshold: 102.62 MB
CDS: on
 - commit_granule_bytes: 65536.
 - commit_granule_words: 8192.
 - virtual_space_node_default_size: 8388608.
 - enlarge_chunks_in_place: 1.
 - use_allocation_guard: 0.


Internal statistics:

num_allocs_failed_limit: 3.
num_arena_births: 956.
num_arena_deaths: 0.
num_vsnodes_births: 2.
num_vsnodes_deaths: 0.
num_space_committed: 1069.
num_space_uncommitted: 0.
num_chunks_returned_to_freelist: 3.
num_chunks_taken_from_freelist: 3490.
num_chunk_merges: 3.
num_chunk_splits: 2554.
num_chunks_enlarged: 1999.
num_inconsistent_stats: 0.

CodeCache: size=49152Kb used=13513Kb max_used=13513Kb free=35639Kb
 bounds [0x0000022fb2c20000, 0x0000022fb3960000, 0x0000022fb5c20000]
 total_blobs=7552 nmethods=6850 adapters=622
 compilation: enabled
              stopped_count=0, restarted_count=0
 full_count=0

Compilation events (20 events):
Event: 7.546 Thread 0x0000022f80082010 6931       1       org.antlr.v4.runtime.BufferedTokenStream::fetch (89 bytes)
Event: 7.546 Thread 0x0000022fbae4a2b0 6932   !   1       org.antlr.v4.runtime.Lexer::nextToken (249 bytes)
Event: 7.546 Thread 0x0000022f800fed90 6933       1       org.antlr.v4.runtime.CommonTokenFactory::create (18 bytes)
Event: 7.546 Thread 0x0000022f805ff8e0 6934       1       org.antlr.v4.runtime.CommonTokenFactory::create (85 bytes)
Event: 7.546 Thread 0x0000022f800fed90 nmethod 6933 0x0000022fb394e590 code [0x0000022fb394e740, 0x0000022fb394e840]
Event: 7.546 Thread 0x0000022f800fed90 6935       1       org.antlr.v4.runtime.CommonToken::<init> (86 bytes)
Event: 7.546 Thread 0x0000022f80082010 nmethod 6931 0x0000022fb394e910 code [0x0000022fb394eb00, 0x0000022fb394eea8]
Event: 7.546 Thread 0x0000022f80082010 6936       1       org.antlr.v4.runtime.atn.ATNConfigSet::setReadonly (11 bytes)
Event: 7.546 Thread 0x0000022f80082010 nmethod 6936 0x0000022fb394f090 code [0x0000022fb394f220, 0x0000022fb394f318]
Event: 7.546 Thread 0x0000022f80082010 6937       1       org.antlr.v4.runtime.Lexer::emit (51 bytes)
Event: 7.547 Thread 0x0000022f800fed90 nmethod 6935 0x0000022fb394f390 code [0x0000022fb394f540, 0x0000022fb394f850]
Event: 7.547 Thread 0x0000022f800fed90 6938       1       org.antlr.v4.runtime.Lexer::getCharIndex (10 bytes)
Event: 7.547 Thread 0x0000022f805ff8e0 nmethod 6934 0x0000022fb394fa90 code [0x0000022fb394fc60, 0x0000022fb3950020]
Event: 7.547 Thread 0x0000022f800fed90 nmethod 6938 0x0000022fb3950210 code [0x0000022fb39503a0, 0x0000022fb39504a8]
Event: 7.547 Thread 0x0000022f80082010 nmethod 6937 0x0000022fb3950590 code [0x0000022fb3950740, 0x0000022fb3950968]
Event: 7.547 Thread 0x0000022fbae4a2b0 nmethod 6932 0x0000022fb3950b10 code [0x0000022fb3950d60, 0x0000022fb3951490]
Event: 7.548 Thread 0x0000022fbae4a2b0 6939       1       org.antlr.v4.runtime.atn.OrderedATNConfigSet::<init> (16 bytes)
Event: 7.548 Thread 0x0000022f800fed90 6940       1       org.antlr.v4.runtime.atn.OrderedATNConfigSet$LexerConfigHashSet::<init> (8 bytes)
Event: 7.548 Thread 0x0000022fbae4a2b0 nmethod 6939 0x0000022fb3951b90 code [0x0000022fb3951d40, 0x0000022fb3951f40]
Event: 7.548 Thread 0x0000022f800fed90 nmethod 6940 0x0000022fb3952090 code [0x0000022fb3952240, 0x0000022fb3952338]

GC Heap History (20 events):
Event: 5.071 GC heap after
{Heap after GC invocations=12 (full 0):
 garbage-first heap   total 51200K, used 26319K [0x0000000084800000, 0x0000000100000000)
  region size 1024K, 2 young (2048K), 2 survivors (2048K)
 Metaspace       used 47229K, committed 47936K, reserved 1114112K
  class space    used 6608K, committed 6912K, reserved 1048576K
}
Event: 5.434 GC heap before
{Heap before GC invocations=12 (full 0):
 garbage-first heap   total 51200K, used 43727K [0x0000000084800000, 0x0000000100000000)
  region size 1024K, 20 young (20480K), 2 survivors (2048K)
 Metaspace       used 52759K, committed 53440K, reserved 1114112K
  class space    used 7529K, committed 7808K, reserved 1048576K
}
Event: 5.437 GC heap after
{Heap after GC invocations=13 (full 0):
 garbage-first heap   total 51200K, used 27053K [0x0000000084800000, 0x0000000100000000)
  region size 1024K, 1 young (1024K), 1 survivors (1024K)
 Metaspace       used 52759K, committed 53440K, reserved 1114112K
  class space    used 7529K, committed 7808K, reserved 1048576K
}
Event: 5.611 GC heap before
{Heap before GC invocations=14 (full 0):
 garbage-first heap   total 51200K, used 45485K [0x0000000084800000, 0x0000000100000000)
  region size 1024K, 19 young (19456K), 1 survivors (1024K)
 Metaspace       used 53004K, committed 53632K, reserved 1114112K
  class space    used 7581K, committed 7872K, reserved 1048576K
}
Event: 5.612 GC heap after
{Heap after GC invocations=15 (full 0):
 garbage-first heap   total 51200K, used 27183K [0x0000000084800000, 0x0000000100000000)
  region size 1024K, 1 young (1024K), 1 survivors (1024K)
 Metaspace       used 53004K, committed 53632K, reserved 1114112K
  class space    used 7581K, committed 7872K, reserved 1048576K
}
Event: 6.338 GC heap before
{Heap before GC invocations=15 (full 0):
 garbage-first heap   total 51200K, used 46639K [0x0000000084800000, 0x0000000100000000)
  region size 1024K, 20 young (20480K), 1 survivors (1024K)
 Metaspace       used 57291K, committed 58048K, reserved 1114112K
  class space    used 8219K, committed 8576K, reserved 1048576K
}
Event: 6.341 GC heap after
{Heap after GC invocations=16 (full 0):
 garbage-first heap   total 51200K, used 27980K [0x0000000084800000, 0x0000000100000000)
  region size 1024K, 3 young (3072K), 3 survivors (3072K)
 Metaspace       used 57291K, committed 58048K, reserved 1114112K
  class space    used 8219K, committed 8576K, reserved 1048576K
}
Event: 6.592 GC heap before
{Heap before GC invocations=16 (full 0):
 garbage-first heap   total 51200K, used 43340K [0x0000000084800000, 0x0000000100000000)
  region size 1024K, 18 young (18432K), 3 survivors (3072K)
 Metaspace       used 59615K, committed 60288K, reserved 1114112K
  class space    used 8530K, committed 8832K, reserved 1048576K
}
Event: 6.596 GC heap after
{Heap after GC invocations=17 (full 0):
 garbage-first heap   total 51200K, used 29668K [0x0000000084800000, 0x0000000100000000)
  region size 1024K, 3 young (3072K), 3 survivors (3072K)
 Metaspace       used 59615K, committed 60288K, reserved 1114112K
  class space    used 8530K, committed 8832K, reserved 1048576K
}
Event: 6.954 GC heap before
{Heap before GC invocations=18 (full 0):
 garbage-first heap   total 51200K, used 45028K [0x0000000084800000, 0x0000000100000000)
  region size 1024K, 18 young (18432K), 3 survivors (3072K)
 Metaspace       used 62240K, committed 62976K, reserved 1114112K
  class space    used 9064K, committed 9408K, reserved 1048576K
}
Event: 6.958 GC heap after
{Heap after GC invocations=19 (full 0):
 garbage-first heap   total 51200K, used 31213K [0x0000000084800000, 0x0000000100000000)
  region size 1024K, 2 young (2048K), 2 survivors (2048K)
 Metaspace       used 62240K, committed 62976K, reserved 1114112K
  class space    used 9064K, committed 9408K, reserved 1048576K
}
Event: 6.984 GC heap before
{Heap before GC invocations=19 (full 0):
 garbage-first heap   total 51200K, used 45549K [0x0000000084800000, 0x0000000100000000)
  region size 1024K, 16 young (16384K), 2 survivors (2048K)
 Metaspace       used 62270K, committed 63040K, reserved 1114112K
  class space    used 9069K, committed 9408K, reserved 1048576K
}
Event: 6.986 GC heap after
{Heap after GC invocations=20 (full 0):
 garbage-first heap   total 51200K, used 32934K [0x0000000084800000, 0x0000000100000000)
  region size 1024K, 2 young (2048K), 2 survivors (2048K)
 Metaspace       used 62270K, committed 63040K, reserved 1114112K
  class space    used 9069K, committed 9408K, reserved 1048576K
}
Event: 7.006 GC heap before
{Heap before GC invocations=20 (full 0):
 garbage-first heap   total 51200K, used 45222K [0x0000000084800000, 0x0000000100000000)
  region size 1024K, 14 young (14336K), 2 survivors (2048K)
 Metaspace       used 62270K, committed 63040K, reserved 1114112K
  class space    used 9069K, committed 9408K, reserved 1048576K
}
Event: 7.009 GC heap after
{Heap after GC invocations=21 (full 0):
 garbage-first heap   total 52224K, used 37678K [0x0000000084800000, 0x0000000100000000)
  region size 1024K, 2 young (2048K), 2 survivors (2048K)
 Metaspace       used 62270K, committed 63040K, reserved 1114112K
  class space    used 9069K, committed 9408K, reserved 1048576K
}
Event: 7.034 GC heap before
{Heap before GC invocations=21 (full 0):
 garbage-first heap   total 75776K, used 45870K [0x0000000084800000, 0x0000000100000000)
  region size 1024K, 10 young (10240K), 2 survivors (2048K)
 Metaspace       used 62276K, committed 63040K, reserved 1114112K
  class space    used 9071K, committed 9408K, reserved 1048576K
}
Event: 7.037 GC heap after
{Heap after GC invocations=22 (full 0):
 garbage-first heap   total 75776K, used 39276K [0x0000000084800000, 0x0000000100000000)
  region size 1024K, 2 young (2048K), 2 survivors (2048K)
 Metaspace       used 62276K, committed 63040K, reserved 1114112K
  class space    used 9071K, committed 9408K, reserved 1048576K
}
Event: 7.257 GC heap before
{Heap before GC invocations=23 (full 0):
 garbage-first heap   total 75776K, used 59756K [0x0000000084800000, 0x0000000100000000)
  region size 1024K, 23 young (23552K), 2 survivors (2048K)
 Metaspace       used 64259K, committed 64960K, reserved 1114112K
  class space    used 9501K, committed 9792K, reserved 1048576K
}
Event: 7.260 GC heap after
{Heap after GC invocations=24 (full 0):
 garbage-first heap   total 75776K, used 40914K [0x0000000084800000, 0x0000000100000000)
  region size 1024K, 3 young (3072K), 3 survivors (3072K)
 Metaspace       used 64259K, committed 64960K, reserved 1114112K
  class space    used 9501K, committed 9792K, reserved 1048576K
}
Event: 7.549 GC heap before
{Heap before GC invocations=24 (full 0):
 garbage-first heap   total 75776K, used 62418K [0x0000000084800000, 0x0000000100000000)
  region size 1024K, 25 young (25600K), 3 survivors (3072K)
 Metaspace       used 67717K, committed 68416K, reserved 1114112K
  class space    used 9995K, committed 10304K, reserved 1048576K
}

Dll operation events (9 events):
Event: 0.010 Loaded shared library C:\Program Files\Java\jdk-21\bin\java.dll
Event: 0.103 Loaded shared library C:\Program Files\Java\jdk-21\bin\net.dll
Event: 0.105 Loaded shared library C:\Program Files\Java\jdk-21\bin\nio.dll
Event: 0.109 Loaded shared library C:\Program Files\Java\jdk-21\bin\zip.dll
Event: 0.178 Loaded shared library C:\Program Files\Java\jdk-21\bin\jimage.dll
Event: 0.530 Loaded shared library C:\Program Files\Java\jdk-21\bin\management.dll
Event: 0.538 Loaded shared library C:\Program Files\Java\jdk-21\bin\management_ext.dll
Event: 1.548 Loaded shared library C:\Program Files\Java\jdk-21\bin\sunmscapi.dll
Event: 4.443 Loaded shared library C:\Program Files\Java\jdk-21\bin\extnet.dll

Deoptimization events (2 events):
Event: 2.964 Thread 0x0000022f80931ec0 DEOPT PACKING pc=0x0000022fb33b610c sp=0x00000072036fbd50
Event: 2.964 Thread 0x0000022f80931ec0 DEOPT UNPACKING pc=0x0000022fb2c74e42 sp=0x00000072036fb210 mode 0

Classes loaded (20 events):
Event: 7.461 Loading class jdk/internal/reflect/ByteVector done
Event: 7.461 Loading class jdk/internal/reflect/ByteVectorImpl done
Event: 7.461 Loading class jdk/internal/reflect/ClassFileAssembler
Event: 7.461 Loading class jdk/internal/reflect/ClassFileAssembler done
Event: 7.461 Loading class jdk/internal/reflect/UTF8
Event: 7.461 Loading class jdk/internal/reflect/UTF8 done
Event: 7.462 Loading class jdk/internal/reflect/Label
Event: 7.462 Loading class jdk/internal/reflect/Label done
Event: 7.462 Loading class jdk/internal/reflect/Label$PatchInfo
Event: 7.462 Loading class jdk/internal/reflect/Label$PatchInfo done
Event: 7.462 Loading class jdk/internal/reflect/MethodAccessorGenerator$1
Event: 7.462 Loading class jdk/internal/reflect/MethodAccessorGenerator$1 done
Event: 7.462 Loading class jdk/internal/reflect/ClassDefiner
Event: 7.462 Loading class jdk/internal/reflect/ClassDefiner done
Event: 7.462 Loading class jdk/internal/reflect/ClassDefiner$1
Event: 7.462 Loading class jdk/internal/reflect/ClassDefiner$1 done
Event: 7.462 Loading class jdk/internal/reflect/SerializationConstructorAccessorImpl
Event: 7.462 Loading class jdk/internal/reflect/SerializationConstructorAccessorImpl done
Event: 7.472 Loading class java/lang/invoke/MethodHandleImpl$CountingWrapper$1
Event: 7.472 Loading class java/lang/invoke/MethodHandleImpl$CountingWrapper$1 done

Classes unloaded (0 events):
No events

Classes redefined (0 events):
No events

Internal exceptions (20 events):
Event: 5.735 Thread 0x0000022f80931ec0 Exception <a 'java/lang/NoSuchMethodError'{0x0000000089580b60}: 'int java.lang.invoke.DirectMethodHandle$Holder.invokeStatic(java.lang.Object, int, java.lang.Object)'> (0x0000000089580b60) 
thrown [s\open\src\hotspot\share\interpreter\linkResolver.cpp, line 773]
Event: 5.736 Thread 0x0000022f80931ec0 Exception <a 'java/lang/NoSuchMethodError'{0x0000000089596d48}: 'void java.lang.invoke.DirectMethodHandle$Holder.invokeSpecial(java.lang.Object, java.lang.Object, java.lang.Object, java.lang.Object, java.lang.Object, int, java.lang.Object, java.lang.Object)'> (0x0000000089596d48) 
thrown [s\open\src\hotspot\share\interpreter\linkResolver.cpp, line 773]
Event: 5.739 Thread 0x0000022f80931ec0 Exception <a 'java/lang/NoSuchMethodError'{0x00000000895c6678}: 'java.lang.Object java.lang.invoke.Invokers$Holder.linkToTargetMethod(java.lang.Object, java.lang.Object, java.lang.Object, java.lang.Object, java.lang.Object, java.lang.Object, java.lang.Object, java.lang.Object, java.lang.Object, java.lang.Object, java.lang.Object, java.lang.Object)'> (0x00000000895c6678) 
thrown [s\open\src\hotspot\share\interpreter\linkResolver.cpp, line 773]
Event: 5.750 Thread 0x0000022f80931ec0 Exception <a 'java/lang/IncompatibleClassChangeError'{0x000000008945af08}: Found class java.lang.Object, but interface was expected> (0x000000008945af08) 
thrown [s\open\src\hotspot\share\interpreter\linkResolver.cpp, line 840]
Event: 5.785 Thread 0x0000022f80931ec0 Exception <a 'java/lang/IncompatibleClassChangeError'{0x000000008938a5d0}: Found class java.lang.Object, but interface was expected> (0x000000008938a5d0) 
thrown [s\open\src\hotspot\share\interpreter\linkResolver.cpp, line 840]
Event: 5.795 Thread 0x0000022f80931ec0 Exception <a 'java/lang/NoSuchMethodError'{0x0000000087101240}: 'java.lang.Object java.lang.invoke.DirectMethodHandle$Holder.newInvokeSpecial(java.lang.Object, java.lang.Object, java.lang.Object, java.lang.Object, java.lang.Object, java.lang.Object, java.lang.Object, int)'> (0x0000000087101240) 
thrown [s\open\src\hotspot\share\interpreter\linkResolver.cpp, line 773]
Event: 5.795 Thread 0x0000022f80931ec0 Exception <a 'java/lang/NoSuchMethodError'{0x00000000871057b0}: 'java.lang.Object java.lang.invoke.DirectMethodHandle$Holder.invokeSpecial(java.lang.Object, java.lang.Object, java.lang.Object, java.lang.Object, java.lang.Object, java.lang.Object, java.lang.Object, java.lang.Object, int)'> (0x00000000871057b0) 
thrown [s\open\src\hotspot\share\interpreter\linkResolver.cpp, line 773]
Event: 5.795 Thread 0x0000022f80931ec0 Exception <a 'java/lang/NoSuchMethodError'{0x00000000871097d8}: 'java.lang.Object java.lang.invoke.Invokers$Holder.linkToTargetMethod(java.lang.Object, java.lang.Object, java.lang.Object, java.lang.Object, java.lang.Object, java.lang.Object, int, java.lang.Object)'> (0x00000000871097d8) 
thrown [s\open\src\hotspot\share\interpreter\linkResolver.cpp, line 773]
Event: 5.822 Thread 0x0000022f80931ec0 Exception <a 'java/lang/NoSuchMethodError'{0x00000000871f4c68}: 'java.lang.Object java.lang.invoke.DirectMethodHandle$Holder.newInvokeSpecial(java.lang.Object, java.lang.Object, int, java.lang.Object, int, java.lang.Object, java.lang.Object)'> (0x00000000871f4c68) 
thrown [s\open\src\hotspot\share\interpreter\linkResolver.cpp, line 773]
Event: 6.207 Thread 0x0000022f80931ec0 Exception <a 'java/lang/NoSuchMethodError'{0x0000000086a89678}: 'java.lang.Object java.lang.invoke.DirectMethodHandle$Holder.invokeSpecial(java.lang.Object, java.lang.Object, int, java.lang.Object, int)'> (0x0000000086a89678) 
thrown [s\open\src\hotspot\share\interpreter\linkResolver.cpp, line 773]
Event: 6.381 Thread 0x0000022f80931ec0 Exception <a 'java/lang/IncompatibleClassChangeError'{0x00000000897c2830}: Found class java.lang.Object, but interface was expected> (0x00000000897c2830) 
thrown [s\open\src\hotspot\share\interpreter\linkResolver.cpp, line 840]
Event: 6.429 Thread 0x0000022f80931ec0 Exception <a 'java/lang/IncompatibleClassChangeError'{0x00000000895557d0}: Found class java.lang.Object, but interface was expected> (0x00000000895557d0) 
thrown [s\open\src\hotspot\share\interpreter\linkResolver.cpp, line 840]
Event: 6.526 Thread 0x0000022f80931ec0 Exception <a 'java/lang/NoSuchMethodError'{0x0000000086ff67e8}: 'void java.lang.invoke.Invokers$Holder.invokeExact_MT(java.lang.Object, java.lang.Object, java.lang.Object, java.lang.Object)'> (0x0000000086ff67e8) 
thrown [s\open\src\hotspot\share\interpreter\linkResolver.cpp, line 773]
Event: 6.659 Thread 0x0000022f80931ec0 Exception <a 'java/lang/IncompatibleClassChangeError'{0x00000000899fcac0}: Found class java.lang.Object, but interface was expected> (0x00000000899fcac0) 
thrown [s\open\src\hotspot\share\interpreter\linkResolver.cpp, line 840]
Event: 6.667 Thread 0x0000022f80931ec0 Exception <a 'java/lang/NoSuchMethodError'{0x0000000089858318}: 'java.lang.Object java.lang.invoke.DirectMethodHandle$Holder.invokeStatic(java.lang.Object, int, java.lang.Object, java.lang.Object)'> (0x0000000089858318) 
thrown [s\open\src\hotspot\share\interpreter\linkResolver.cpp, line 773]
Event: 6.667 Thread 0x0000022f80931ec0 Exception <a 'java/lang/NoSuchMethodError'{0x000000008985c6d0}: 'java.lang.Object java.lang.invoke.DirectMethodHandle$Holder.invokeSpecial(java.lang.Object, java.lang.Object, int, java.lang.Object, java.lang.Object)'> (0x000000008985c6d0) 
thrown [s\open\src\hotspot\share\interpreter\linkResolver.cpp, line 773]
Event: 6.667 Thread 0x0000022f80931ec0 Exception <a 'java/lang/NoSuchMethodError'{0x00000000898603c0}: 'java.lang.Object java.lang.invoke.DelegatingMethodHandle$Holder.delegate(java.lang.Object, int, java.lang.Object, java.lang.Object)'> (0x00000000898603c0) 
thrown [s\open\src\hotspot\share\interpreter\linkResolver.cpp, line 773]
Event: 6.669 Thread 0x0000022f80931ec0 Exception <a 'java/lang/NoSuchMethodError'{0x000000008986f7a8}: 'int java.lang.invoke.Invokers$Holder.linkToTargetMethod(java.lang.Object, java.lang.Object, java.lang.Object)'> (0x000000008986f7a8) 
thrown [s\open\src\hotspot\share\interpreter\linkResolver.cpp, line 773]
Event: 7.377 Thread 0x0000022f80931ec0 Exception <a 'java/lang/NoSuchMethodError'{0x0000000088752ba8}: 'int java.lang.invoke.DirectMethodHandle$Holder.invokeStaticInit(java.lang.Object, int, java.lang.Object, java.lang.Object, java.lang.Object, java.lang.Object)'> (0x0000000088752ba8) 
thrown [s\open\src\hotspot\share\interpreter\linkResolver.cpp, line 773]
Event: 7.498 Thread 0x0000022f80931ec0 Exception <a 'java/lang/IncompatibleClassChangeError'{0x00000000882cdad8}: Found class java.lang.Object, but interface was expected> (0x00000000882cdad8) 
thrown [s\open\src\hotspot\share\interpreter\linkResolver.cpp, line 840]

ZGC Phase Switch (0 events):
No events

VM Operations (20 events):
Event: 6.973 Executing VM operation: HandshakeAllThreads (Deoptimize) done
Event: 6.984 Executing VM operation: G1CollectForAllocation (G1 Evacuation Pause)
Event: 6.986 Executing VM operation: G1CollectForAllocation (G1 Evacuation Pause) done
Event: 7.006 Executing VM operation: G1CollectForAllocation (G1 Evacuation Pause)
Event: 7.009 Executing VM operation: G1CollectForAllocation (G1 Evacuation Pause) done
Event: 7.028 Executing VM operation: G1PauseRemark
Event: 7.030 Executing VM operation: G1PauseRemark done
Event: 7.034 Executing VM operation: G1CollectForAllocation (G1 Evacuation Pause)
Event: 7.037 Executing VM operation: G1CollectForAllocation (G1 Evacuation Pause) done
Event: 7.042 Executing VM operation: G1PauseCleanup
Event: 7.042 Executing VM operation: G1PauseCleanup done
Event: 7.257 Executing VM operation: G1CollectForAllocation (G1 Evacuation Pause)
Event: 7.260 Executing VM operation: G1CollectForAllocation (G1 Evacuation Pause) done
Event: 7.420 Executing VM operation: HandshakeAllThreads (Deoptimize)
Event: 7.420 Executing VM operation: HandshakeAllThreads (Deoptimize) done
Event: 7.426 Executing VM operation: HandshakeAllThreads (Deoptimize)
Event: 7.426 Executing VM operation: HandshakeAllThreads (Deoptimize) done
Event: 7.438 Executing VM operation: HandshakeAllThreads (Deoptimize)
Event: 7.438 Executing VM operation: HandshakeAllThreads (Deoptimize) done
Event: 7.549 Executing VM operation: G1CollectForAllocation (G1 Evacuation Pause)

Events (20 events):
Event: 6.620 Thread 0x0000022fbae15540 flushing nmethod 0x0000022fb3606e90
Event: 6.620 Thread 0x0000022fbae15540 flushing nmethod 0x0000022fb3636690
Event: 6.620 Thread 0x0000022fbae15540 flushing nmethod 0x0000022fb34df490
Event: 6.620 Thread 0x0000022fbae15540 flushing nmethod 0x0000022fb34df810
Event: 6.620 Thread 0x0000022fbae15540 flushing nmethod 0x0000022fb35f5790
Event: 6.620 Thread 0x0000022fbae15540 flushing nmethod 0x0000022fb306f190
Event: 6.620 Thread 0x0000022fbae15540 flushing nmethod 0x0000022fb358dc90
Event: 6.620 Thread 0x0000022fbae15540 flushing nmethod 0x0000022fb358e210
Event: 6.620 Thread 0x0000022fbae15540 flushing nmethod 0x0000022fb3633390
Event: 6.620 Thread 0x0000022fbae15540 flushing nmethod 0x0000022fb3587790
Event: 6.620 Thread 0x0000022fbae15540 flushing nmethod 0x0000022fb35f1890
Event: 6.620 Thread 0x0000022fbae15540 flushing nmethod 0x0000022fb360af10
Event: 7.030 Thread 0x0000022fbae15540 flushing nmethod 0x0000022fb3742310
Event: 7.030 Thread 0x0000022fbae15540 flushing nmethod 0x0000022fb3649990
Event: 7.030 Thread 0x0000022fbae15540 flushing nmethod 0x0000022fb360b690
Event: 7.030 Thread 0x0000022fbae15540 flushing nmethod 0x0000022fb3789710
Event: 7.030 Thread 0x0000022fbae15540 flushing nmethod 0x0000022fb3622190
Event: 7.030 Thread 0x0000022fbae15540 flushing nmethod 0x0000022fb3780190
Event: 7.030 Thread 0x0000022fbae15540 flushing nmethod 0x0000022fb3799490
Event: 7.030 Thread 0x0000022fbae15540 flushing nmethod 0x0000022fb34ca490


Dynamic libraries:
0x00007ff7ff5c0000 - 0x00007ff7ff5d0000 	C:\Program Files\Java\jdk-21\bin\java.exe
0x00007ffb9a360000 - 0x00007ffb9a5c7000 	C:\WINDOWS\SYSTEM32\ntdll.dll
0x00007ffb98930000 - 0x00007ffb989f9000 	C:\WINDOWS\System32\KERNEL32.DLL
0x00007ffb97880000 - 0x00007ffb97c6f000 	C:\WINDOWS\System32\KERNELBASE.dll
0x00007ffb97e80000 - 0x00007ffb97fcb000 	C:\WINDOWS\System32\ucrtbase.dll
0x00007ffb7ffb0000 - 0x00007ffb7ffc9000 	C:\Program Files\Java\jdk-21\bin\jli.dll
0x00007ffb7fc00000 - 0x00007ffb7fc1b000 	C:\Program Files\Java\jdk-21\bin\VCRUNTIME140.dll
0x00007ffb99350000 - 0x00007ffb99404000 	C:\WINDOWS\System32\ADVAPI32.dll
0x00007ffb996b0000 - 0x00007ffb99759000 	C:\WINDOWS\System32\msvcrt.dll
0x00007ffb992a0000 - 0x00007ffb99346000 	C:\WINDOWS\System32\sechost.dll
0x00007ffb98100000 - 0x00007ffb98218000 	C:\WINDOWS\System32\RPCRT4.dll
0x00007ffb98380000 - 0x00007ffb98545000 	C:\WINDOWS\System32\USER32.dll
0x00007ffb977a0000 - 0x00007ffb977c7000 	C:\WINDOWS\System32\win32u.dll
0x00007ffb98a00000 - 0x00007ffb98a2b000 	C:\WINDOWS\System32\GDI32.dll
0x00007ffb97fd0000 - 0x00007ffb980fc000 	C:\WINDOWS\System32\gdi32full.dll
0x00007ffb7e420000 - 0x00007ffb7e6b3000 	C:\WINDOWS\WinSxS\amd64_microsoft.windows.common-controls_6595b64144ccf1df_6.0.26100.7309_none_3e05feeae336a044\COMCTL32.dll
0x00007ffb97c80000 - 0x00007ffb97d23000 	C:\WINDOWS\System32\msvcp_win.dll
0x00007ffb96d90000 - 0x00007ffb96d9b000 	C:\WINDOWS\SYSTEM32\VERSION.dll
0x00007ffb990d0000 - 0x00007ffb99101000 	C:\WINDOWS\System32\IMM32.DLL
0x0000000066030000 - 0x000000006603c000 	C:\Program Files (x86)\360\Total Security\safemon\SafeWrapper.dll
0x00007ffb673e0000 - 0x00007ffb6748c000 	C:\Program Files (x86)\360\Total Security\safemon\libzdtp64.dll
0x00007ffb99760000 - 0x00007ffb99eb3000 	C:\WINDOWS\System32\SHELL32.dll
0x00007ffb974b0000 - 0x00007ffb9761a000 	C:\WINDOWS\System32\wintypes.dll
0x00007ffb99f40000 - 0x00007ffb9a2c6000 	C:\WINDOWS\System32\combase.dll
0x00007ffb99ec0000 - 0x00007ffb99f26000 	C:\WINDOWS\System32\SHLWAPI.dll
0x00007ffb7dc20000 - 0x00007ffb7dc2c000 	C:\Program Files\Java\jdk-21\bin\vcruntime140_1.dll
0x00007ffb58a70000 - 0x00007ffb58afe000 	C:\Program Files\Java\jdk-21\bin\msvcp140.dll
0x00007ffab5190000 - 0x00007ffab5ead000 	C:\Program Files\Java\jdk-21\bin\server\jvm.dll
0x00007ffb98550000 - 0x00007ffb985c4000 	C:\WINDOWS\System32\WS2_32.dll
0x00007ffb97310000 - 0x00007ffb9736e000 	C:\WINDOWS\SYSTEM32\POWRPROF.dll
0x00007ffb8c730000 - 0x00007ffb8c765000 	C:\WINDOWS\SYSTEM32\WINMM.dll
0x00007ffb972f0000 - 0x00007ffb97304000 	C:\WINDOWS\SYSTEM32\UMPDC.dll
0x00007ffb961f0000 - 0x00007ffb9620b000 	C:\WINDOWS\SYSTEM32\kernel.appcore.dll
0x00007ffb743e0000 - 0x00007ffb743ea000 	C:\Program Files\Java\jdk-21\bin\jimage.dll
0x00007ffb955b0000 - 0x00007ffb957f2000 	C:\WINDOWS\SYSTEM32\DBGHELP.DLL
0x00007ffb98220000 - 0x00007ffb982f6000 	C:\WINDOWS\System32\OLEAUT32.dll
0x00007ffb71400000 - 0x00007ffb7143c000 	C:\WINDOWS\SYSTEM32\dbgcore.DLL
0x00007ffb977d0000 - 0x00007ffb97875000 	C:\WINDOWS\System32\bcryptPrimitives.dll
0x00007ffb6c3e0000 - 0x00007ffb6c3ff000 	C:\Program Files\Java\jdk-21\bin\java.dll
0x00007ffb924b0000 - 0x00007ffb92d0e000 	C:\WINDOWS\SYSTEM32\windows.storage.dll
0x00007ffb99410000 - 0x00007ffb99504000 	C:\WINDOWS\System32\SHCORE.dll
0x00007ffb973d0000 - 0x00007ffb973f9000 	C:\WINDOWS\SYSTEM32\profapi.dll
0x00007ffb6d900000 - 0x00007ffb6d910000 	C:\Program Files\Java\jdk-21\bin\net.dll
0x00007ffb87350000 - 0x00007ffb87478000 	C:\WINDOWS\SYSTEM32\WINHTTP.dll
0x00007ffb96760000 - 0x00007ffb967cb000 	C:\WINDOWS\system32\mswsock.dll
0x00007ffb6c2f0000 - 0x00007ffb6c306000 	C:\Program Files\Java\jdk-21\bin\nio.dll
0x00007ffb6c0c0000 - 0x00007ffb6c0d8000 	C:\Program Files\Java\jdk-21\bin\zip.dll
0x00007ffb80470000 - 0x00007ffb8047a000 	C:\Program Files\Java\jdk-21\bin\management.dll
0x00007ffb80460000 - 0x00007ffb8046b000 	C:\Program Files\Java\jdk-21\bin\management_ext.dll
0x00007ffb98670000 - 0x00007ffb98678000 	C:\WINDOWS\System32\PSAPI.DLL
0x00007ffb80450000 - 0x00007ffb8045e000 	C:\Program Files\Java\jdk-21\bin\sunmscapi.dll
0x00007ffb97620000 - 0x00007ffb97797000 	C:\WINDOWS\System32\CRYPT32.dll
0x00007ffb96c40000 - 0x00007ffb96c70000 	C:\WINDOWS\SYSTEM32\ncrypt.dll
0x00007ffb96bf0000 - 0x00007ffb96c2f000 	C:\WINDOWS\SYSTEM32\NTASN1.dll
0x00007ffb96a20000 - 0x00007ffb96a3b000 	C:\WINDOWS\SYSTEM32\CRYPTSP.dll
0x00007ffb96150000 - 0x00007ffb9618a000 	C:\WINDOWS\system32\rsaenh.dll
0x00007ffb96810000 - 0x00007ffb9683b000 	C:\WINDOWS\SYSTEM32\USERENV.dll
0x00007ffb973a0000 - 0x00007ffb973ca000 	C:\WINDOWS\SYSTEM32\bcrypt.dll
0x00007ffb96a40000 - 0x00007ffb96a4c000 	C:\WINDOWS\SYSTEM32\CRYPTBASE.dll
0x00007ffb95d50000 - 0x00007ffb95d84000 	C:\WINDOWS\SYSTEM32\IPHLPAPI.DLL
0x00007ffb98a30000 - 0x00007ffb98a3a000 	C:\WINDOWS\System32\NSI.dll
0x00007ffb95d90000 - 0x00007ffb95ebc000 	C:\WINDOWS\SYSTEM32\DNSAPI.dll
0x00007ffb86470000 - 0x00007ffb8647b000 	C:\Windows\System32\rasadhlp.dll
0x00007ffb8e830000 - 0x00007ffb8e8b6000 	C:\WINDOWS\System32\fwpuclnt.dll
0x00007ffb6c500000 - 0x00007ffb6c509000 	C:\Program Files\Java\jdk-21\bin\extnet.dll

dbghelp: loaded successfully - version: 4.0.5 - missing functions: none
symbol engine: initialized successfully - sym options: 0x614 - pdb path: .;C:\Program Files\Java\jdk-21\bin;C:\WINDOWS\SYSTEM32;C:\WINDOWS\WinSxS\amd64_microsoft.windows.common-controls_6595b64144ccf1df_6.0.26100.7309_none_3e05feeae336a044;C:\Program Files (x86)\360\Total Security\safemon;C:\Program Files\Java\jdk-21\bin\server

VM Arguments:
jvm_args: -XX:TieredStopAtLevel=1 
java_command: com.example.springbootagrolink.SpringBootAgrolinkApplication
java_class_path (initial): C:\ProyectoAgro_TrimestreV\springBoot_Agrolink\target\classes;C:\Users\User\.m2\repository\ch\qos\logback\logback-classic\1.5.21\logback-classic-1.5.21.jar;C:\Users\User\.m2\repository\ch\qos\logback\logback-core\1.5.21\logback-core-1.5.21.jar;C:\Users\User\.m2\repository\org\apache\logging\log4j\log4j-to-slf4j\2.25.2\log4j-to-slf4j-2.25.2.jar;C:\Users\User\.m2\repository\org\apache\logging\log4j\log4j-api\2.25.2\log4j-api-2.25.2.jar;C:\Users\User\.m2\repository\org\slf4j\jul-to-slf4j\2.0.17\jul-to-slf4j-2.0.17.jar;C:\Users\User\.m2\repository\jakarta\annotation\jakarta.annotation-api\3.0.0\jakarta.annotation-api-3.0.0.jar;C:\Users\User\.m2\repository\org\yaml\snakeyaml\2.5\snakeyaml-2.5.jar;C:\Users\User\.m2\repository\com\zaxxer\HikariCP\7.0.2\HikariCP-7.0.2.jar;C:\Users\User\.m2\repository\org\springframework\boot\spring-boot-data-jpa\4.0.0\spring-boot-data-jpa-4.0.0.jar;C:\Users\User\.m2\repository\org\springframework\boot\spring-boot-data-commons\4.0.0\spring-boot-data-commons-4.0.0.jar;C:\Users\User\.m2\repository\org\springframework\boot\spring-boot-persistence\4.0.0\spring-boot-persistence-4.0.0.jar;C:\Users\User\.m2\repository\org\springframework\data\spring-data-commons\4.0.0\spring-data-commons-4.0.0.jar;C:\Users\User\.m2\repository\org\springframework\boot\spring-boot-hibernate\4.0.0\spring-boot-hibernate-4.0.0.jar;C:\Users\User\.m2\repository\org\springframework\boot\spring-boot-jpa\4.0.0\spring-boot-jpa-4.0.0.jar;C:\Users\User\.m2\repository\jakarta\persistence\jakarta.persistence-api\3.2.0\jakarta.persistence-api-3.2.0.jar;C:\Users\User\.m2\repository\org\hibernate\orm\hibernate-core\7.1.8.Final\hibernate-core-7.1.8.Final.jar;C:\Users\User\.m2\repository\jakarta\transaction\jakarta.transaction-api\2.0.1\jakarta.transaction-api-2.0.1.jar;C:\Users\User\.m2\repository\org\jboss\logging\jboss-logging\3.6.1.Final\jboss-logging-3.6.1.Final.jar;C:\Users\User\.m2\repository\org\hibernate\models\hibernate-models\1.0.1\hibernate-models-1.0.1.jar;C:\Users\User\.m2\repository\com\fasterxml\classmate\1.7.1\classmate-1.7.1.jar;C:\Users\User\.m2\repository\org\glassfish\jaxb\jaxb-runtime\4.0.6\jaxb-runtime-4.0.6.jar;C:\Users\User\.m2\repository\org\glassfish\jaxb\jaxb-core\4.0.6\jaxb-core-4.0.6.jar;C:\Users\User\.m2\repository\org\eclipse\angus\angus-activation\2.0.3\angus-activation-2.0.3.jar;C:\Users\User\.m2\repository\org\glassfish\jaxb\txw2\4.0.6\txw2-4.0.6.jar;C:\Users\User\.m2\repository\com\sun\istack\istack-commons-runtime\4.1.2\istack-commons-runtime-4.1.2.jar;C:\Users\User\.m2\repository\jakarta\inject\jakarta.inject-api\2.0.1\jakarta.inject-api-2.0.1.jar;C:\Users\User\.m2\repository\org\springframework\spring-orm\7.0.1\spring-orm-7.0.1.jar;C:\Users\User\.m2\repository\org\springframework\data\spring-data-jpa\4.0.0\spring-data-jpa-4.0.0.jar;C:\Users\User\.m2\repository\org\springframework\spring-aop\7.0.1\spring-aop-7.0.1.jar;C:\Users\User\.m2\repository\org\springframework\spring-tx\7.0.1\spring-tx-7.0.1.jar;C:\Users\User\.m2\repository\org\springframework\spring-beans\7.0.1\spring-beans-7.0.1.jar;C:\Users\User\.m2\repository\org\antlr\antlr4-runtime\4.13.2\antlr4-runtime-4.13.2.jar;C:\Users\User\.m2\repository\org\springframework\spring-aspects\7.0.1\spring-aspects-7.0.1.jar;C:\Users\User\.m2\repository\org\aspectj\aspectjweaver\1.9.25\aspectjweaver-1.9.25.jar;C:\Users\User\.m2\repository\org\springframework\boot\spring-boot-jdbc\4.0.0\spring-boot-jdbc-4.0.0.jar;C:\Users\User\.m2\repository\org\springframework\boot\spring-boot-sql\4.0.0\spring-boot-sql-4.0.0.jar;C:\Users\User\.m2\repository\org\springframework\boot\spring-boot-transaction\4.0.0\spring-boot-transaction-4.0.0.jar;C:\Users\User\.m2\repository\org\springframework\spring-jdbc\7.0.1\spring-jdbc-7.0.1.jar;C:\Users\User\.m2\repository\com\mysql\mysql-connector-j\9.5.0\mysql-connector-j-9.5.0.jar;C:\Users\User\.m2\repository\org\springframework\boot\spring-boot-thymeleaf\4.0.0\spring-boot-thymeleaf-4.0.0.jar;C:\Users\User\.m2\repository\org\thymeleaf\thymeleaf-spring6\3.1.3.RELEASE\thymeleaf-spring6-3.1.3.RELEASE.jar;C:\Users\User\.m2\repository\org\thymeleaf\thymeleaf\3.1.3.RELEASE\thymeleaf-3.1.3.RELEASE.jar;C:\Users\User\.m2\repository\org\attoparser\attoparser\2.0.7.RELEASE\attoparser-2.0.7.RELEASE.jar;C:\Users\User\.m2\repository\org\unbescape\unbescape\1.1.6.RELEASE\unbescape-1.1.6.RELEASE.jar;C:\Users\User\.m2\repository\org\springframework\spring-web\7.0.1\spring-web-7.0.1.jar;C:\Users\User\.m2\repository\io\micrometer\micrometer-observation\1.16.0\micrometer-observation-1.16.0.jar;C:\Users\User\.m2\repository\io\micrometer\micrometer-commons\1.16.0\micrometer-commons-1.16.0.jar;C:\Users\User\.m2\repository\org\springframework\boot\spring-boot-jackson\4.0.0\spring-boot-jackson-4.0.0.jar;C:\Users\User\.m2\repository\tools\jackson\core\jackson-databind\3.0.2\jackson-databind-3.0.2.jar;C:\Users\User\.m2\repository\com\fasterxml\jackson\core\jackson-annotations\2.20\jackson-annotations-2.20.jar;C:\Users\User\.m2\repository\tools\jackson\core\jackson-core\3.0.2\jackson-core-3.0.2.jar;C:\Users\User\.m2\repository\org\springframework\boot\spring-boot-web-server\4.0.0\spring-boot-web-server-4.0.0.jar;C:\Users\User\.m2\repository\org\apache\tomcat\embed\tomcat-embed-core\11.0.14\tomcat-embed-core-11.0.14.jar;C:\Users\User\.m2\repository\org\apache\tomcat\embed\tomcat-embed-el\11.0.14\tomcat-embed-el-11.0.14.jar;C:\Users\User\.m2\repository\org\apache\tomcat\embed\tomcat-embed-websocket\11.0.14\tomcat-embed-websocket-11.0.14.jar;C:\Users\User\.m2\repository\org\springframework\boot\spring-boot-tomcat\4.0.0\spring-boot-tomcat-4.0.0.jar;C:\Users\User\.m2\repository\org\springframework\boot\spring-boot-http-converter\4.0.0\spring-boot-http-converter-4.0.0.jar;C:\Users\User\.m2\repository\org\springframework\boot\spring-boot-webmvc\4.0.0\spring-boot-webmvc-4.0.0.jar;C:\Users\User\.m2\repository\org\springframework\boot\spring-boot-servlet\4.0.0\spring-boot-servlet-4.0.0.jar;C:\Users\User\.m2\repository\org\springframework\spring-webmvc\7.0.1\spring-webmvc-7.0.1.jar;C:\Users\User\.m2\repository\org\springframework\spring-expression\7.0.1\spring-expression-7.0.1.jar;C:\Users\User\.m2\repository\org\springframework\boot\spring-boot-devtools\4.0.0\spring-boot-devtools-4.0.0.jar;C:\Users\User\.m2\repository\org\springframework\boot\spring-boot\4.0.0\spring-boot-4.0.0.jar;C:\Users\User\.m2\repository\org\springframework\spring-context\7.0.1\spring-context-7.0.1.jar;C:\Users\User\.m2\repository\org\springframework\boot\spring-boot-autoconfigure\4.0.0\spring-boot-autoconfigure-4.0.0.jar;C:\Users\User\.m2\repository\org\slf4j\slf4j-api\2.0.17\slf4j-api-2.0.17.jar;C:\Users\User\.m2\repository\jakarta\xml\bind\jakarta.xml.bind-api\4.0.4\jakarta.xml.bind-api-4.0.4.jar;C:\Users\User\.m2\repository\jakarta\activation\jakarta.activation-api\2.1.4\jakarta.activation-api-2.1.4.jar;C:\Users\User\.m2\repository\net\bytebuddy\byte-buddy\1.17.8\byte-buddy-1.17.8.jar;C:\Users\User\.m2\repository\org\springframework\spring-core\7.0.1\spring-core-7.0.1.jar;C:\Users\User\.m2\repository\commons-logging\commons-logging\1.3.5\commons-logging-1.3.5.jar;C:\Users\User\.m2\repository\org\jspecify\jspecify\1.0.0\jspecify-1.0.0.jar
Launcher Type: SUN_STANDARD

[Global flags]
     intx CICompilerCount                          = 4                                         {product} {ergonomic}
     uint ConcGCThreads                            = 2                                         {product} {ergonomic}
     uint G1ConcRefinementThreads                  = 8                                         {product} {ergonomic}
   size_t G1HeapRegionSize                         = 1048576                                   {product} {ergonomic}
    uintx GCDrainStackTargetSize                   = 64                                        {product} {ergonomic}
   size_t InitialHeapSize                          = 130023424                                 {product} {ergonomic}
   size_t MarkStackSize                            = 4194304                                   {product} {ergonomic}
   size_t MaxHeapSize                              = 2071986176                                {product} {ergonomic}
   size_t MaxNewSize                               = 1242562560                                {product} {ergonomic}
   size_t MinHeapDeltaBytes                        = 1048576                                   {product} {ergonomic}
   size_t MinHeapSize                              = 8388608                                   {product} {ergonomic}
    uintx NonNMethodCodeHeapSize                   = 4096                                   {pd product} {ergonomic}
    uintx NonProfiledCodeHeapSize                  = 0                                      {pd product} {ergonomic}
     bool ProfileInterpreter                       = false                                  {pd product} {command line}
    uintx ProfiledCodeHeapSize                     = 0                                      {pd product} {ergonomic}
   size_t SoftMaxHeapSize                          = 2071986176                             {manageable} {ergonomic}
     intx TieredStopAtLevel                        = 1                                         {product} {command line}
     bool UseCompressedOops                        = true                           {product lp64_product} {ergonomic}
     bool UseG1GC                                  = true                                      {product} {ergonomic}
     bool UseLargePagesIndividualAllocation        = false                                  {pd product} {ergonomic}

Logging:
Log output configuration:
 #0: stdout all=warning uptime,level,tags foldmultilines=false
 #1: stderr all=off uptime,level,tags foldmultilines=false

Environment Variables:
JAVA_HOME=C:\Program Files\Java\jdk-21
PATH=C:\Program Files\Java\jdk-21\bin;C:\Program Files\Java\jdk1.8.0_301\bin;C:\ProgramData\ComposerSetup\bin;C:\Program Files\nodejs\;C:\Program Files\Git\cmd;C:\Windows\System32;C:\apache-maven-3.9.11-bin\apache-maven-3.9.11\bin;C:\flutter\bin;C:\Windows\System32\WindowsPowerShell\v1.0;C:\Users\User\AppData\Local\Microsoft\WindowsApps;C:\Users\User\AppData\Local\Programs\Microsoft VS Code\bin;C:\mongodb-database-tools-windows-x86_64-100.13.0;C:\Program Files\MongoDB\Server\8.0\bin;C:\Program Files\MongoDB\mongosh-2.5.6-win32-x64\mongosh-2.5.6-win32-x64\bin;C:\xampp\php;C:\Users\User\AppData\Roaming\Composer\vendor\bin;C:\ProgramData\ComposerSetup\bin;C:\Users\User\AppData\Roaming\npm;C:\Users\User\AppData\Local\GitHubDesktop\bin;C:\Windows\System32;C:\flutter\bin;C:\Users\User\.m2\repository\ch\qos\logback\logback-classic\1.5.20\bin;;C:\ProyectoAgro_TrimestreV\springBoot_Agrolink\node_modules\.bin
USERNAME=User
OS=Windows_NT
PROCESSOR_IDENTIFIER=Intel64 Family 6 Model 154 Stepping 4, GenuineIntel
TMP=C:\Users\User\AppData\Local\Temp
TEMP=C:\Users\User\AppData\Local\Temp




Periodic native trim disabled

---------------  S Y S T E M  ---------------

OS:
 Windows 11 , 64 bit Build 26100 (10.0.26100.7309)
OS uptime: 3 days 18:57 hours

CPU: total 8 (initial active 8) (8 cores per cpu, 1 threads per core) family 6 model 154 stepping 4 microcode 0x423, cx8, cmov, fxsr, mmx, 3dnowpref, sse, sse2, sse3, ssse3, sse4.1, sse4.2, popcnt, lzcnt, tsc, tscinvbit, avx, avx2, aes, erms, clmul, bmi1, bmi2, adx, sha, fma, vzeroupper, clflush, clflushopt, clwb, serialize, rdtscp, rdpid, fsrm, f16c, pku, cet_ibt, cet_ss
Processor Information for processor 0
  Max Mhz: 1200, Current Mhz: 1200, Mhz Limit: 1200
Processor Information for processor 1
  Max Mhz: 1200, Current Mhz: 1200, Mhz Limit: 1200
Processor Information for processor 2
  Max Mhz: 1200, Current Mhz: 1200, Mhz Limit: 1200
Processor Information for processor 3
  Max Mhz: 1200, Current Mhz: 1200, Mhz Limit: 1200
Processor Information for processor 4
  Max Mhz: 1200, Current Mhz: 900, Mhz Limit: 900
Processor Information for processor 5
  Max Mhz: 1200, Current Mhz: 900, Mhz Limit: 900
Processor Information for processor 6
  Max Mhz: 1200, Current Mhz: 900, Mhz Limit: 900
Processor Information for processor 7
  Max Mhz: 1200, Current Mhz: 900, Mhz Limit: 900

Memory: 4k page, system-wide physical 7896M (581M free)
TotalPageFile size 32472M (AvailPageFile size 5M)
current process WorkingSet (physical memory assigned to process): 233M, peak: 233M
current process commit charge ("private bytes"): 275M, peak: 285M

vm_info: Java HotSpot(TM) 64-Bit Server VM (21.0.8+12-LTS-250) for windows-amd64 JRE (21.0.8+12-LTS-250), built on 2025-06-27T08:11:22Z by "mach5one" with MS VC++ 17.6 (VS2022)

END.
