#
# There is insufficient memory for the Java Runtime Environment to continue.
# Native memory allocation (mmap) failed to map 27262976 bytes for G1 virtual space
# Possible reasons:
#   The system is out of physical RAM or swap space
#   The process is running with CompressedOops enabled, and the Java Heap may be blocking the growth of the native heap
# Possible solutions:
#   Reduce memory load on the system
#   Increase physical memory or swap space
#   Check if swap backing store is full
#   Decrease Java heap size (-Xmx/-Xms)
#   Decrease number of Java threads
#   Decrease Java thread stack sizes (-Xss)
#   Set larger code cache with -XX:ReservedCodeCacheSize=
#   JVM is running with Unscaled Compressed Oops mode in which the Java heap is
#     placed in the first 4GB address space. The Java Heap base address is the
#     maximum limit for the native heap growth. Please use -XX:HeapBaseMinAddress
#     to set the Java Heap base and to place the Java Heap above 4GB virtual address.
# This output file may be truncated or incomplete.
#
#  Out of Memory Error (os_windows.cpp:3603), pid=18068, tid=36844
#
# JRE version: Java(TM) SE Runtime Environment (21.0.8+12) (build 21.0.8+12-LTS-250)
# Java VM: Java HotSpot(TM) 64-Bit Server VM (21.0.8+12-LTS-250, mixed mode, emulated-client, sharing, tiered, compressed oops, compressed class ptrs, g1 gc, windows-amd64)
# No core dump will be written. Minidumps are not enabled by default on client versions of Windows
#

---------------  S U M M A R Y ------------

Command Line: -XX:TieredStopAtLevel=1 com.example.springbootagrolink.SpringBootAgrolinkApplication

Host: 12th Gen Intel(R) Core(TM) i3-1215U, 8 cores, 7G,  Windows 11 , 64 bit Build 26100 (10.0.26100.7309)
Time: Sun Dec  7 03:18:33 2025 Hora est. Pacífico, Sudamérica elapsed time: 7.684034 seconds (0d 0h 0m 7s)

---------------  T H R E A D  ---------------

Current thread (0x000001451ad7c870):  VMThread "VM Thread"          [id=36844, stack(0x000000444fb00000,0x000000444fc00000) (1024K)]

Stack: [0x000000444fb00000,0x000000444fc00000]
Native frames: (J=compiled Java code, j=interpreted, Vv=VM code, C=native code)
V  [jvm.dll+0x6cc179]
V  [jvm.dll+0x8584c1]
V  [jvm.dll+0x85a9ee]
V  [jvm.dll+0x85b0c3]
V  [jvm.dll+0x27ebf6]
V  [jvm.dll+0x6c88f5]
V  [jvm.dll+0x6bd45a]
V  [jvm.dll+0x354b1a]
V  [jvm.dll+0x35c796]
V  [jvm.dll+0x3af85e]
V  [jvm.dll+0x3afb08]
V  [jvm.dll+0x328e2c]
V  [jvm.dll+0x328eb7]
V  [jvm.dll+0x36d7dc]
V  [jvm.dll+0x36c02e]
V  [jvm.dll+0x3285f1]
V  [jvm.dll+0x36b74a]
V  [jvm.dll+0x860e90]
V  [jvm.dll+0x862214]
V  [jvm.dll+0x862750]
V  [jvm.dll+0x8629f3]
V  [jvm.dll+0x80279b]
V  [jvm.dll+0x6ca85d]
C  [ucrtbase.dll+0x37b0]
C  [KERNEL32.DLL+0x2e8d7]
C  [ntdll.dll+0x8c53c]

VM_Operation (0x00000044509fac00): G1CollectForAllocation, mode: safepoint, requested by thread 0x000001456090bcc0


---------------  P R O C E S S  ---------------

Threads class SMR info:
_java_thread_list=0x000001451ad98760, length=21, elements={
0x00000145082c8d60, 0x000001451ad9d000, 0x000001451ad9d660, 0x000001451ada19d0,
0x000001451ada2030, 0x000001451ada5660, 0x000001451adaaf80, 0x000001451adab9f0,
0x00000145600501a0, 0x000001456017e230, 0x0000014560193570, 0x000001456019a5e0,
0x00000145606541b0, 0x00000145608762b0, 0x000001456090bcc0, 0x00000145618bf5a0,
0x0000014561613a90, 0x00000145616140f0, 0x00000145616d46f0, 0x0000014562255af0,
0x0000014562256180
}

Java Threads: ( => current thread )
  0x00000145082c8d60 JavaThread "main"                              [_thread_blocked, id=48932, stack(0x000000444f400000,0x000000444f500000) (1024K)]
  0x000001451ad9d000 JavaThread "Reference Handler"          daemon [_thread_blocked, id=37804, stack(0x000000444fc00000,0x000000444fd00000) (1024K)]
  0x000001451ad9d660 JavaThread "Finalizer"                  daemon [_thread_blocked, id=2496, stack(0x000000444fd00000,0x000000444fe00000) (1024K)]
  0x000001451ada19d0 JavaThread "Signal Dispatcher"          daemon [_thread_blocked, id=26668, stack(0x000000444fe00000,0x000000444ff00000) (1024K)]
  0x000001451ada2030 JavaThread "Attach Listener"            daemon [_thread_blocked, id=47888, stack(0x000000444ff00000,0x0000004450000000) (1024K)]
  0x000001451ada5660 JavaThread "Service Thread"             daemon [_thread_blocked, id=8516, stack(0x0000004450000000,0x0000004450100000) (1024K)]
  0x000001451adaaf80 JavaThread "Monitor Deflation Thread"   daemon [_thread_blocked, id=50136, stack(0x0000004450100000,0x0000004450200000) (1024K)]
  0x000001451adab9f0 JavaThread "C1 CompilerThread0"         daemon [_thread_blocked, id=50468, stack(0x0000004450200000,0x0000004450300000) (1024K)]
  0x00000145600501a0 JavaThread "C1 CompilerThread1"         daemon [_thread_blocked, id=44256, stack(0x0000004450300000,0x0000004450400000) (1024K)]
  0x000001456017e230 JavaThread "C1 CompilerThread2"         daemon [_thread_blocked, id=9876, stack(0x0000004450400000,0x0000004450500000) (1024K)]
  0x0000014560193570 JavaThread "Notification Thread"        daemon [_thread_blocked, id=48152, stack(0x0000004450500000,0x0000004450600000) (1024K)]
  0x000001456019a5e0 JavaThread "Common-Cleaner"             daemon [_thread_blocked, id=18704, stack(0x0000004450600000,0x0000004450700000) (1024K)]
  0x00000145606541b0 JavaThread "C1 CompilerThread3"         daemon [_thread_blocked, id=19620, stack(0x0000004450700000,0x0000004450800000) (1024K)]
  0x00000145608762b0 JavaThread "Thread-0"                          [_thread_blocked, id=45248, stack(0x0000004450800000,0x0000004450900000) (1024K)]
  0x000001456090bcc0 JavaThread "restartedMain"                     [_thread_blocked, id=32068, stack(0x0000004450900000,0x0000004450a00000) (1024K)]
  0x00000145618bf5a0 JavaThread "Catalina-utility-1"                [_thread_blocked, id=14716, stack(0x0000004451200000,0x0000004451300000) (1024K)]
  0x0000014561613a90 JavaThread "Catalina-utility-2"                [_thread_blocked, id=37588, stack(0x0000004451300000,0x0000004451400000) (1024K)]
  0x00000145616140f0 JavaThread "container-0"                       [_thread_blocked, id=29332, stack(0x0000004451400000,0x0000004451500000) (1024K)]
  0x00000145616d46f0 JavaThread "mysql-cj-abandoned-connection-cleanup" daemon [_thread_blocked, id=39880, stack(0x0000004451500000,0x0000004451600000) (1024K)]
  0x0000014562255af0 JavaThread "HikariPool-1:housekeeper"   daemon [_thread_blocked, id=34116, stack(0x0000004451700000,0x0000004451800000) (1024K)]
  0x0000014562256180 JavaThread "HikariPool-1:connection-adder" daemon [_thread_blocked, id=20228, stack(0x0000004451800000,0x0000004451900000) (1024K)]
Total: 21

Other Threads:
=>0x000001451ad7c870 VMThread "VM Thread"                           [id=36844, stack(0x000000444fb00000,0x000000444fc00000) (1024K)]
  0x000001451ad69620 WatcherThread "VM Periodic Task Thread"        [id=26012, stack(0x000000444fa00000,0x000000444fb00000) (1024K)]
  0x000001450a6f1170 WorkerThread "GC Thread#0"                     [id=38000, stack(0x000000444f500000,0x000000444f600000) (1024K)]
  0x000001451ad7c130 WorkerThread "GC Thread#1"                     [id=2320, stack(0x0000004450a00000,0x0000004450b00000) (1024K)]
  0x000001451ad7cc10 WorkerThread "GC Thread#2"                     [id=27428, stack(0x0000004450b00000,0x0000004450c00000) (1024K)]
  0x000001451ad7c4d0 WorkerThread "GC Thread#3"                     [id=43596, stack(0x0000004450c00000,0x0000004450d00000) (1024K)]
  0x000001451ad7cfb0 WorkerThread "GC Thread#4"                     [id=2240, stack(0x0000004450d00000,0x0000004450e00000) (1024K)]
  0x000001451ad7d350 WorkerThread "GC Thread#5"                     [id=27652, stack(0x0000004450e00000,0x0000004450f00000) (1024K)]
  0x0000014560dcdae0 WorkerThread "GC Thread#6"                     [id=50536, stack(0x0000004451000000,0x0000004451100000) (1024K)]
  0x0000014560dcde80 WorkerThread "GC Thread#7"                     [id=25220, stack(0x0000004451100000,0x0000004451200000) (1024K)]
  0x000001450a701850 ConcurrentGCThread "G1 Main Marker"            [id=49648, stack(0x000000444f600000,0x000000444f700000) (1024K)]
  0x000001450a702550 WorkerThread "G1 Conc#0"                       [id=19816, stack(0x000000444f700000,0x000000444f800000) (1024K)]
  0x0000014560dcc180 WorkerThread "G1 Conc#1"                       [id=30328, stack(0x0000004450f00000,0x0000004451000000) (1024K)]
  0x000001451ac39510 ConcurrentGCThread "G1 Refine#0"               [id=45108, stack(0x000000444f800000,0x000000444f900000) (1024K)]
  0x000001451ac3bba0 ConcurrentGCThread "G1 Service"                [id=10372, stack(0x000000444f900000,0x000000444fa00000) (1024K)]
Total: 15

Threads with active compile tasks:
Total: 0

VM state: at safepoint (normal execution)

VM Mutex/Monitor currently owned by a thread:  ([mutex/lock_event])
[0x00007ffab9020e50] Threads_lock - owner thread: 0x000001451ad7c870
[0x00007ffab9020f50] Heap_lock - owner thread: 0x000001456090bcc0

Heap address: 0x0000000084800000, size: 1976 MB, Compressed Oops mode: 32-bit

CDS archive(s) mapped at: [0x000001451b000000-0x000001451bc90000-0x000001451bc90000), size 13172736, SharedBaseAddress: 0x000001451b000000, ArchiveRelocationMode: 1.
Compressed class space mapped at: 0x000001451c000000-0x000001455c000000, reserved size: 1073741824
Narrow klass base: 0x000001451b000000, Narrow klass shift: 0, Narrow klass range: 0x100000000

GC Precious Log:
 CardTable entry size: 512
 Card Set container configuration: InlinePtr #cards 5 size 8 Array Of Cards #cards 12 size 40 Howl #buckets 4 coarsen threshold 1843 Howl Bitmap #cards 512 size 80 coarsen threshold 460 Card regions per heap region 1 cards per card region 2048
 CPUs: 8 total, 8 available
 Memory: 7896M
 Large Page Support: Disabled
 NUMA Support: Disabled
 Compressed Oops: Enabled (32-bit)
 Heap Region Size: 1M
 Heap Min Capacity: 8M
 Heap Initial Capacity: 124M
 Heap Max Capacity: 1976M
 Pre-touch: Disabled
 Parallel Workers: 8
 Concurrent Workers: 2
 Concurrent Refinement Workers: 8
 Periodic GC: Disabled

Heap:
 garbage-first heap   total 107520K, used 55645K [0x0000000084800000, 0x0000000100000000)
  region size 1024K, 3 young (3072K), 3 survivors (3072K)
 Metaspace       used 67830K, committed 68608K, reserved 1114112K
  class space    used 10025K, committed 10368K, reserved 1048576K

Heap Regions: E=young(eden), S=young(survivor), O=old, HS=humongous(starts), HC=humongous(continues), CS=collection set, F=free, TAMS=top-at-mark-start, PB=parsable bottom
|   0|0x0000000084800000, 0x0000000084900000, 0x0000000084900000|100%|HS|  |TAMS 0x0000000084800000| PB 0x0000000084800000| Complete 
|   1|0x0000000084900000, 0x0000000084a00000, 0x0000000084a00000|100%|HS|  |TAMS 0x0000000084900000| PB 0x0000000084900000| Complete 
|   2|0x0000000084a00000, 0x0000000084b00000, 0x0000000084b00000|100%| O|  |TAMS 0x0000000084a00000| PB 0x0000000084a00000| Untracked 
|   3|0x0000000084b00000, 0x0000000084c00000, 0x0000000084c00000|100%| O|  |TAMS 0x0000000084b00000| PB 0x0000000084b00000| Untracked 
|   4|0x0000000084c00000, 0x0000000084d00000, 0x0000000084d00000|100%| O|  |TAMS 0x0000000084c00000| PB 0x0000000084c00000| Untracked 
|   5|0x0000000084d00000, 0x0000000084e00000, 0x0000000084e00000|100%| O|  |TAMS 0x0000000084d00000| PB 0x0000000084d00000| Untracked 
|   6|0x0000000084e00000, 0x0000000084f00000, 0x0000000084f00000|100%| O|  |TAMS 0x0000000084e00000| PB 0x0000000084e00000| Untracked 
|   7|0x0000000084f00000, 0x0000000085000000, 0x0000000085000000|100%| O|  |TAMS 0x0000000084f00000| PB 0x0000000084f00000| Untracked 
|   8|0x0000000085000000, 0x0000000085100000, 0x0000000085100000|100%| O|  |TAMS 0x0000000085000000| PB 0x0000000085000000| Untracked 
|   9|0x0000000085100000, 0x0000000085200000, 0x0000000085200000|100%| O|  |TAMS 0x0000000085100000| PB 0x0000000085100000| Untracked 
|  10|0x0000000085200000, 0x0000000085300000, 0x0000000085300000|100%| O|  |TAMS 0x0000000085200000| PB 0x0000000085200000| Untracked 
|  11|0x0000000085300000, 0x0000000085400000, 0x0000000085400000|100%| O|  |TAMS 0x0000000085300000| PB 0x0000000085300000| Untracked 
|  12|0x0000000085400000, 0x0000000085500000, 0x0000000085500000|100%| O|  |TAMS 0x0000000085400000| PB 0x0000000085400000| Untracked 
|  13|0x0000000085500000, 0x0000000085600000, 0x0000000085600000|100%| O|  |TAMS 0x0000000085500000| PB 0x0000000085500000| Untracked 
|  14|0x0000000085600000, 0x0000000085700000, 0x0000000085700000|100%| O|  |TAMS 0x0000000085600000| PB 0x0000000085600000| Untracked 
|  15|0x0000000085700000, 0x0000000085800000, 0x0000000085800000|100%| O|  |TAMS 0x0000000085700000| PB 0x0000000085700000| Untracked 
|  16|0x0000000085800000, 0x0000000085900000, 0x0000000085900000|100%| O|  |TAMS 0x0000000085800000| PB 0x0000000085800000| Untracked 
|  17|0x0000000085900000, 0x0000000085a00000, 0x0000000085a00000|100%| O|  |TAMS 0x0000000085900000| PB 0x0000000085900000| Untracked 
|  18|0x0000000085a00000, 0x0000000085b00000, 0x0000000085b00000|100%| O|  |TAMS 0x0000000085a00000| PB 0x0000000085a00000| Untracked 
|  19|0x0000000085b00000, 0x0000000085c00000, 0x0000000085c00000|100%| O|  |TAMS 0x0000000085b00000| PB 0x0000000085b00000| Untracked 
|  20|0x0000000085c00000, 0x0000000085d00000, 0x0000000085d00000|100%| O|Cm|TAMS 0x0000000085c00000| PB 0x0000000085c00000| Complete 
|  21|0x0000000085d00000, 0x0000000085e00000, 0x0000000085e00000|100%| O|  |TAMS 0x0000000085d00000| PB 0x0000000085d00000| Untracked 
|  22|0x0000000085e00000, 0x0000000085f00000, 0x0000000085f00000|100%| O|  |TAMS 0x0000000085e00000| PB 0x0000000085e00000| Untracked 
|  23|0x0000000085f00000, 0x0000000086000000, 0x0000000086000000|100%| O|  |TAMS 0x0000000085f00000| PB 0x0000000085f00000| Untracked 
|  24|0x0000000086000000, 0x0000000086100000, 0x0000000086100000|100%| O|  |TAMS 0x0000000086000000| PB 0x0000000086000000| Untracked 
|  25|0x0000000086100000, 0x0000000086200000, 0x0000000086200000|100%| O|  |TAMS 0x0000000086100000| PB 0x0000000086100000| Untracked 
|  26|0x0000000086200000, 0x0000000086300000, 0x0000000086300000|100%| O|  |TAMS 0x0000000086200000| PB 0x0000000086200000| Untracked 
|  27|0x0000000086300000, 0x0000000086400000, 0x0000000086400000|100%| O|  |TAMS 0x0000000086300000| PB 0x0000000086300000| Untracked 
|  28|0x0000000086400000, 0x0000000086500000, 0x0000000086500000|100%| O|  |TAMS 0x0000000086400000| PB 0x0000000086400000| Untracked 
|  29|0x0000000086500000, 0x0000000086600000, 0x0000000086600000|100%| O|  |TAMS 0x0000000086500000| PB 0x0000000086500000| Untracked 
|  30|0x0000000086600000, 0x0000000086700000, 0x0000000086700000|100%| O|  |TAMS 0x0000000086600000| PB 0x0000000086600000| Untracked 
|  31|0x0000000086700000, 0x0000000086800000, 0x0000000086800000|100%| O|  |TAMS 0x0000000086700000| PB 0x0000000086700000| Untracked 
|  32|0x0000000086800000, 0x0000000086900000, 0x0000000086900000|100%| O|  |TAMS 0x0000000086800000| PB 0x0000000086800000| Untracked 
|  33|0x0000000086900000, 0x0000000086a00000, 0x0000000086a00000|100%| O|  |TAMS 0x0000000086900000| PB 0x0000000086900000| Untracked 
|  34|0x0000000086a00000, 0x0000000086b00000, 0x0000000086b00000|100%| O|  |TAMS 0x0000000086a00000| PB 0x0000000086a00000| Untracked 
|  35|0x0000000086b00000, 0x0000000086c00000, 0x0000000086c00000|100%| O|  |TAMS 0x0000000086b00000| PB 0x0000000086b00000| Untracked 
|  36|0x0000000086c00000, 0x0000000086d00000, 0x0000000086d00000|100%| O|  |TAMS 0x0000000086c00000| PB 0x0000000086c00000| Untracked 
|  37|0x0000000086d00000, 0x0000000086e00000, 0x0000000086e00000|100%| O|  |TAMS 0x0000000086d00000| PB 0x0000000086d00000| Untracked 
|  38|0x0000000086e00000, 0x0000000086f00000, 0x0000000086f00000|100%| O|  |TAMS 0x0000000086e00000| PB 0x0000000086e00000| Untracked 
|  39|0x0000000086f00000, 0x0000000086f24d18, 0x0000000087000000| 14%| O|  |TAMS 0x0000000086f00000| PB 0x0000000086f00000| Untracked 
|  40|0x0000000087000000, 0x0000000087100000, 0x0000000087100000|100%| O|  |TAMS 0x0000000087000000| PB 0x0000000087000000| Untracked 
|  41|0x0000000087100000, 0x0000000087200000, 0x0000000087200000|100%| O|  |TAMS 0x0000000087100000| PB 0x0000000087100000| Untracked 
|  42|0x0000000087200000, 0x0000000087300000, 0x0000000087300000|100%| O|  |TAMS 0x0000000087200000| PB 0x0000000087200000| Untracked 
|  43|0x0000000087300000, 0x0000000087400000, 0x0000000087400000|100%| O|  |TAMS 0x0000000087300000| PB 0x0000000087300000| Untracked 
|  44|0x0000000087400000, 0x0000000087500000, 0x0000000087500000|100%| O|  |TAMS 0x0000000087400000| PB 0x0000000087400000| Untracked 
|  45|0x0000000087500000, 0x0000000087600000, 0x0000000087600000|100%| O|  |TAMS 0x0000000087500000| PB 0x0000000087500000| Untracked 
|  46|0x0000000087600000, 0x0000000087600000, 0x0000000087700000|  0%| F|  |TAMS 0x0000000087600000| PB 0x0000000087600000| Untracked 
|  47|0x0000000087700000, 0x0000000087700000, 0x0000000087800000|  0%| F|  |TAMS 0x0000000087700000| PB 0x0000000087700000| Untracked 
|  48|0x0000000087800000, 0x0000000087800000, 0x0000000087900000|  0%| F|  |TAMS 0x0000000087800000| PB 0x0000000087800000| Untracked 
|  49|0x0000000087900000, 0x0000000087900000, 0x0000000087a00000|  0%| F|  |TAMS 0x0000000087900000| PB 0x0000000087900000| Untracked 
|  50|0x0000000087a00000, 0x0000000087a00000, 0x0000000087b00000|  0%| F|  |TAMS 0x0000000087a00000| PB 0x0000000087a00000| Untracked 
|  51|0x0000000087b00000, 0x0000000087b00000, 0x0000000087c00000|  0%| F|  |TAMS 0x0000000087b00000| PB 0x0000000087b00000| Untracked 
|  52|0x0000000087c00000, 0x0000000087c00000, 0x0000000087d00000|  0%| F|  |TAMS 0x0000000087c00000| PB 0x0000000087c00000| Untracked 
|  53|0x0000000087d00000, 0x0000000087d00000, 0x0000000087e00000|  0%| F|  |TAMS 0x0000000087d00000| PB 0x0000000087d00000| Untracked 
|  54|0x0000000087e00000, 0x0000000087e00000, 0x0000000087f00000|  0%| F|  |TAMS 0x0000000087e00000| PB 0x0000000087e00000| Untracked 
|  55|0x0000000087f00000, 0x0000000087f00000, 0x0000000088000000|  0%| F|  |TAMS 0x0000000087f00000| PB 0x0000000087f00000| Untracked 
|  56|0x0000000088000000, 0x0000000088000000, 0x0000000088100000|  0%| F|  |TAMS 0x0000000088000000| PB 0x0000000088000000| Untracked 
|  57|0x0000000088100000, 0x0000000088100000, 0x0000000088200000|  0%| F|  |TAMS 0x0000000088100000| PB 0x0000000088100000| Untracked 
|  58|0x0000000088200000, 0x0000000088200000, 0x0000000088300000|  0%| F|  |TAMS 0x0000000088200000| PB 0x0000000088200000| Untracked 
|  59|0x0000000088300000, 0x0000000088300000, 0x0000000088400000|  0%| F|  |TAMS 0x0000000088300000| PB 0x0000000088300000| Untracked 
|  60|0x0000000088400000, 0x0000000088400000, 0x0000000088500000|  0%| F|  |TAMS 0x0000000088400000| PB 0x0000000088400000| Untracked 
|  61|0x0000000088500000, 0x0000000088500000, 0x0000000088600000|  0%| F|  |TAMS 0x0000000088500000| PB 0x0000000088500000| Untracked 
|  62|0x0000000088600000, 0x0000000088600000, 0x0000000088700000|  0%| F|  |TAMS 0x0000000088600000| PB 0x0000000088600000| Untracked 
|  63|0x0000000088700000, 0x0000000088700000, 0x0000000088800000|  0%| F|  |TAMS 0x0000000088700000| PB 0x0000000088700000| Untracked 
|  64|0x0000000088800000, 0x0000000088800000, 0x0000000088900000|  0%| F|  |TAMS 0x0000000088800000| PB 0x0000000088800000| Untracked 
|  65|0x0000000088900000, 0x0000000088900000, 0x0000000088a00000|  0%| F|  |TAMS 0x0000000088900000| PB 0x0000000088900000| Untracked 
|  66|0x0000000088a00000, 0x0000000088a00000, 0x0000000088b00000|  0%| F|  |TAMS 0x0000000088a00000| PB 0x0000000088a00000| Untracked 
|  67|0x0000000088b00000, 0x0000000088b00000, 0x0000000088c00000|  0%| F|  |TAMS 0x0000000088b00000| PB 0x0000000088b00000| Untracked 
|  68|0x0000000088c00000, 0x0000000088c00000, 0x0000000088d00000|  0%| F|  |TAMS 0x0000000088c00000| PB 0x0000000088c00000| Untracked 
|  69|0x0000000088d00000, 0x0000000088d00000, 0x0000000088e00000|  0%| F|  |TAMS 0x0000000088d00000| PB 0x0000000088d00000| Untracked 
|  70|0x0000000088e00000, 0x0000000088e00000, 0x0000000088f00000|  0%| F|  |TAMS 0x0000000088e00000| PB 0x0000000088e00000| Untracked 
|  71|0x0000000088f00000, 0x0000000088f00000, 0x0000000089000000|  0%| F|  |TAMS 0x0000000088f00000| PB 0x0000000088f00000| Untracked 
|  72|0x0000000089000000, 0x0000000089000000, 0x0000000089100000|  0%| F|  |TAMS 0x0000000089000000| PB 0x0000000089000000| Untracked 
|  73|0x0000000089100000, 0x0000000089100000, 0x0000000089200000|  0%| F|  |TAMS 0x0000000089100000| PB 0x0000000089100000| Untracked 
|  74|0x0000000089200000, 0x0000000089200000, 0x0000000089300000|  0%| F|  |TAMS 0x0000000089200000| PB 0x0000000089200000| Untracked 
|  75|0x0000000089300000, 0x0000000089300000, 0x0000000089400000|  0%| F|  |TAMS 0x0000000089300000| PB 0x0000000089300000| Untracked 
|  76|0x0000000089400000, 0x0000000089400000, 0x0000000089500000|  0%| F|  |TAMS 0x0000000089400000| PB 0x0000000089400000| Untracked 
|  77|0x0000000089500000, 0x0000000089500000, 0x0000000089600000|  0%| F|  |TAMS 0x0000000089500000| PB 0x0000000089500000| Untracked 
|  78|0x0000000089600000, 0x0000000089600000, 0x0000000089700000|  0%| F|  |TAMS 0x0000000089600000| PB 0x0000000089600000| Untracked 
|  79|0x0000000089700000, 0x0000000089700000, 0x0000000089800000|  0%| F|  |TAMS 0x0000000089700000| PB 0x0000000089700000| Untracked 
|  80|0x0000000089800000, 0x0000000089800000, 0x0000000089900000|  0%| F|  |TAMS 0x0000000089800000| PB 0x0000000089800000| Untracked 
|  81|0x0000000089900000, 0x0000000089900000, 0x0000000089a00000|  0%| F|  |TAMS 0x0000000089900000| PB 0x0000000089900000| Untracked 
|  82|0x0000000089a00000, 0x0000000089a00000, 0x0000000089b00000|  0%| F|  |TAMS 0x0000000089a00000| PB 0x0000000089a00000| Untracked 
|  83|0x0000000089b00000, 0x0000000089b00000, 0x0000000089c00000|  0%| F|  |TAMS 0x0000000089b00000| PB 0x0000000089b00000| Untracked 
|  84|0x0000000089c00000, 0x0000000089c32a50, 0x0000000089d00000| 19%| S|CS|TAMS 0x0000000089c00000| PB 0x0000000089c00000| Complete 
|  85|0x0000000089d00000, 0x0000000089e00000, 0x0000000089e00000|100%| S|CS|TAMS 0x0000000089d00000| PB 0x0000000089d00000| Complete 
|  86|0x0000000089e00000, 0x0000000089f00000, 0x0000000089f00000|100%| S|CS|TAMS 0x0000000089e00000| PB 0x0000000089e00000| Complete 
|  87|0x0000000089f00000, 0x0000000089f00000, 0x000000008a000000|  0%| F|  |TAMS 0x0000000089f00000| PB 0x0000000089f00000| Untracked 
|  88|0x000000008a000000, 0x000000008a000000, 0x000000008a100000|  0%| F|  |TAMS 0x000000008a000000| PB 0x000000008a000000| Untracked 
|  89|0x000000008a100000, 0x000000008a100000, 0x000000008a200000|  0%| F|  |TAMS 0x000000008a100000| PB 0x000000008a100000| Untracked 
|  90|0x000000008a200000, 0x000000008a200000, 0x000000008a300000|  0%| F|  |TAMS 0x000000008a200000| PB 0x000000008a200000| Untracked 
|  91|0x000000008a300000, 0x000000008a300000, 0x000000008a400000|  0%| F|  |TAMS 0x000000008a300000| PB 0x000000008a300000| Untracked 
|  92|0x000000008a400000, 0x000000008a400000, 0x000000008a500000|  0%| F|  |TAMS 0x000000008a400000| PB 0x000000008a400000| Untracked 
|  93|0x000000008a500000, 0x000000008a500000, 0x000000008a600000|  0%| F|  |TAMS 0x000000008a500000| PB 0x000000008a500000| Untracked 
|  94|0x000000008a600000, 0x000000008a600000, 0x000000008a700000|  0%| F|  |TAMS 0x000000008a600000| PB 0x000000008a600000| Untracked 
|  95|0x000000008a700000, 0x000000008a700000, 0x000000008a800000|  0%| F|  |TAMS 0x000000008a700000| PB 0x000000008a700000| Untracked 
|  96|0x000000008a800000, 0x000000008a800000, 0x000000008a900000|  0%| F|  |TAMS 0x000000008a800000| PB 0x000000008a800000| Untracked 
| 123|0x000000008c300000, 0x000000008c300000, 0x000000008c400000|  0%| F|  |TAMS 0x000000008c300000| PB 0x000000008c300000| Untracked 
|1969|0x00000000ff900000, 0x00000000ffa00000, 0x00000000ffa00000|100%| O|  |TAMS 0x00000000ff900000| PB 0x00000000ff900000| Untracked 
|1970|0x00000000ffa00000, 0x00000000ffb00000, 0x00000000ffb00000|100%| O|  |TAMS 0x00000000ffa00000| PB 0x00000000ffa00000| Untracked 
|1971|0x00000000ffb00000, 0x00000000ffc00000, 0x00000000ffc00000|100%| O|  |TAMS 0x00000000ffb00000| PB 0x00000000ffb00000| Untracked 
|1972|0x00000000ffc00000, 0x00000000ffd00000, 0x00000000ffd00000|100%| O|  |TAMS 0x00000000ffc00000| PB 0x00000000ffc00000| Untracked 
|1973|0x00000000ffd00000, 0x00000000ffe00000, 0x00000000ffe00000|100%| O|  |TAMS 0x00000000ffd00000| PB 0x00000000ffd00000| Untracked 
|1974|0x00000000ffe00000, 0x00000000fff00000, 0x00000000fff00000|100%| O|  |TAMS 0x00000000ffe00000| PB 0x00000000ffe00000| Untracked 
|1975|0x00000000fff00000, 0x0000000100000000, 0x0000000100000000|100%| O|  |TAMS 0x00000000fff00000| PB 0x00000000fff00000| Untracked 

Card table byte_map: [0x0000014516000000,0x00000145163e0000] _byte_map_base: 0x0000014515bdc000

Marking Bits: (CMBitMap*) 0x000001450a6f1870
 Bits: [0x00000145163e0000, 0x00000145182c0000)

Polling page: 0x0000014508560000

Metaspace:

Usage:
  Non-class:     56.45 MB used.
      Class:      9.79 MB used.
       Both:     66.24 MB used.

Virtual space:
  Non-class space:       64.00 MB reserved,      56.88 MB ( 89%) committed,  1 nodes.
      Class space:        1.00 GB reserved,      10.12 MB ( <1%) committed,  1 nodes.
             Both:        1.06 GB reserved,      67.00 MB (  6%) committed. 

Chunk freelists:
   Non-Class:  6.29 MB
       Class:  5.81 MB
        Both:  12.10 MB

MaxMetaspaceSize: unlimited
CompressedClassSpaceSize: 1.00 GB
Initial GC threshold: 21.00 MB
Current GC threshold: 111.69 MB
CDS: on
 - commit_granule_bytes: 65536.
 - commit_granule_words: 8192.
 - virtual_space_node_default_size: 8388608.
 - enlarge_chunks_in_place: 1.
 - use_allocation_guard: 0.


Internal statistics:

num_allocs_failed_limit: 6.
num_arena_births: 964.
num_arena_deaths: 6.
num_vsnodes_births: 2.
num_vsnodes_deaths: 0.
num_space_committed: 1072.
num_space_uncommitted: 0.
num_chunks_returned_to_freelist: 15.
num_chunks_taken_from_freelist: 3500.
num_chunk_merges: 8.
num_chunk_splits: 2554.
num_chunks_enlarged: 2005.
num_inconsistent_stats: 0.

CodeCache: size=49152Kb used=13584Kb max_used=13642Kb free=35568Kb
 bounds [0x0000014512b00000, 0x0000014513860000, 0x0000014515b00000]
 total_blobs=7650 nmethods=6948 adapters=622
 compilation: enabled
              stopped_count=0, restarted_count=0
 full_count=0

Compilation events (20 events):
Event: 6.443 Thread 0x00000145606541b0 7040       1       org.antlr.v4.runtime.atn.LexerSkipAction::execute (5 bytes)
Event: 6.443 Thread 0x000001456017e230 7041       1       org.antlr.v4.runtime.Lexer::skip (7 bytes)
Event: 6.443 Thread 0x00000145600501a0 7042       1       org.hibernate.boot.internal.SessionFactoryOptionsBuilder::getJpaCompliance (5 bytes)
Event: 6.443 Thread 0x000001456017e230 nmethod 7041 0x0000014513523a10 code [0x0000014513523ba0, 0x0000014513523c70]
Event: 6.444 Thread 0x00000145606541b0 nmethod 7040 0x0000014513523710 code [0x00000145135238a0, 0x0000014513523970]
Event: 6.444 Thread 0x000001451adab9f0 7043       1       org.hibernate.query.sqm.tree.expression.SqmNamedParameter::getName (5 bytes)
Event: 6.444 Thread 0x00000145600501a0 nmethod 7042 0x0000014513523290 code [0x0000014513523420, 0x00000145135234f0]
Event: 6.444 Thread 0x000001451adab9f0 nmethod 7043 0x00000145131f7210 code [0x00000145131f73a0, 0x00000145131f7468]
Event: 6.444 Thread 0x00000145600501a0 7044       1       org.hibernate.internal.AbstractSharedSessionContract::getSessionFactoryOptions (5 bytes)
Event: 6.444 Thread 0x00000145600501a0 nmethod 7044 0x00000145131f6f10 code [0x00000145131f70a0, 0x00000145131f7168]
Event: 6.444 Thread 0x00000145600501a0 7045       1       org.antlr.v4.runtime.atn.PredictionMode::allConfigsInRuleStopStates (41 bytes)
Event: 6.445 Thread 0x00000145600501a0 nmethod 7045 0x00000145131f6910 code [0x00000145131f6ae0, 0x00000145131f6d88]
Event: 6.448 Thread 0x00000145600501a0 7046       1       org.antlr.v4.runtime.misc.FlexibleHashMap::<init> (60 bytes)
Event: 6.448 Thread 0x00000145600501a0 nmethod 7046 0x00000145131f6390 code [0x00000145131f6580, 0x00000145131f6828]
Event: 6.456 Thread 0x000001456017e230 7047       1       org.springframework.data.jpa.repository.query.QueryRenderer::inline (74 bytes)
Event: 6.456 Thread 0x00000145606541b0 7048       1       org.springframework.data.jpa.repository.query.QueryRenderer$QueryRendererBuilder::isEmpty (8 bytes)
Event: 6.456 Thread 0x000001451adab9f0 7049       1       org.springframework.data.jpa.repository.query.QueryRenderer$QueryRendererBuilder::build (5 bytes)
Event: 6.456 Thread 0x00000145606541b0 nmethod 7048 0x00000145131f6010 code [0x00000145131f61c0, 0x00000145131f62b8]
Event: 6.456 Thread 0x000001451adab9f0 nmethod 7049 0x00000145131f5d10 code [0x00000145131f5ea0, 0x00000145131f5f68]
Event: 6.456 Thread 0x000001456017e230 nmethod 7047 0x00000145131f5510 code [0x00000145131f5700, 0x00000145131f5b68]

GC Heap History (20 events):
Event: 4.414 GC heap after
{Heap after GC invocations=13 (full 0):
 garbage-first heap   total 66560K, used 27440K [0x0000000084800000, 0x0000000100000000)
  region size 1024K, 2 young (2048K), 2 survivors (2048K)
 Metaspace       used 53705K, committed 54336K, reserved 1114112K
  class space    used 7651K, committed 7936K, reserved 1048576K
}
Event: 5.268 GC heap before
{Heap before GC invocations=14 (full 0):
 garbage-first heap   total 66560K, used 59184K [0x0000000084800000, 0x0000000100000000)
  region size 1024K, 33 young (33792K), 2 survivors (2048K)
 Metaspace       used 58970K, committed 59648K, reserved 1114112K
  class space    used 8489K, committed 8832K, reserved 1048576K
}
Event: 5.272 GC heap after
{Heap after GC invocations=15 (full 0):
 garbage-first heap   total 66560K, used 30112K [0x0000000084800000, 0x0000000100000000)
  region size 1024K, 4 young (4096K), 4 survivors (4096K)
 Metaspace       used 58970K, committed 59648K, reserved 1114112K
  class space    used 8489K, committed 8832K, reserved 1048576K
}
Event: 5.598 GC heap before
{Heap before GC invocations=15 (full 0):
 garbage-first heap   total 66560K, used 56736K [0x0000000084800000, 0x0000000100000000)
  region size 1024K, 31 young (31744K), 4 survivors (4096K)
 Metaspace       used 62420K, committed 63168K, reserved 1114112K
  class space    used 9065K, committed 9408K, reserved 1048576K
}
Event: 5.601 GC heap after
{Heap after GC invocations=16 (full 0):
 garbage-first heap   total 66560K, used 32028K [0x0000000084800000, 0x0000000100000000)
  region size 1024K, 3 young (3072K), 3 survivors (3072K)
 Metaspace       used 62420K, committed 63168K, reserved 1114112K
  class space    used 9065K, committed 9408K, reserved 1048576K
}
Event: 5.661 GC heap before
{Heap before GC invocations=16 (full 0):
 garbage-first heap   total 66560K, used 57628K [0x0000000084800000, 0x0000000100000000)
  region size 1024K, 29 young (29696K), 3 survivors (3072K)
 Metaspace       used 62610K, committed 63360K, reserved 1114112K
  class space    used 9080K, committed 9408K, reserved 1048576K
}
Event: 5.663 GC heap after
{Heap after GC invocations=17 (full 0):
 garbage-first heap   total 66560K, used 31962K [0x0000000084800000, 0x0000000100000000)
  region size 1024K, 3 young (3072K), 3 survivors (3072K)
 Metaspace       used 62610K, committed 63360K, reserved 1114112K
  class space    used 9080K, committed 9408K, reserved 1048576K
}
Event: 5.958 GC heap before
{Heap before GC invocations=17 (full 0):
 garbage-first heap   total 66560K, used 57562K [0x0000000084800000, 0x0000000100000000)
  region size 1024K, 29 young (29696K), 3 survivors (3072K)
 Metaspace       used 66268K, committed 67008K, reserved 1114112K
  class space    used 9811K, committed 10112K, reserved 1048576K
}
Event: 5.961 GC heap after
{Heap after GC invocations=18 (full 0):
 garbage-first heap   total 66560K, used 33568K [0x0000000084800000, 0x0000000100000000)
  region size 1024K, 3 young (3072K), 3 survivors (3072K)
 Metaspace       used 66268K, committed 67008K, reserved 1114112K
  class space    used 9811K, committed 10112K, reserved 1048576K
}
Event: 6.182 GC heap before
{Heap before GC invocations=19 (full 0):
 garbage-first heap   total 66560K, used 58144K [0x0000000084800000, 0x0000000100000000)
  region size 1024K, 27 young (27648K), 3 survivors (3072K)
 Metaspace       used 67671K, committed 68416K, reserved 1114112K
  class space    used 9993K, committed 10304K, reserved 1048576K
}
Event: 6.185 GC heap after
{Heap after GC invocations=20 (full 0):
 garbage-first heap   total 66560K, used 34924K [0x0000000084800000, 0x0000000100000000)
  region size 1024K, 3 young (3072K), 3 survivors (3072K)
 Metaspace       used 67671K, committed 68416K, reserved 1114112K
  class space    used 9993K, committed 10304K, reserved 1048576K
}
Event: 6.217 GC heap before
{Heap before GC invocations=20 (full 0):
 garbage-first heap   total 66560K, used 58476K [0x0000000084800000, 0x0000000100000000)
  region size 1024K, 26 young (26624K), 3 survivors (3072K)
 Metaspace       used 67671K, committed 68416K, reserved 1114112K
  class space    used 9993K, committed 10304K, reserved 1048576K
}
Event: 6.221 GC heap after
{Heap after GC invocations=21 (full 0):
 garbage-first heap   total 79872K, used 36495K [0x0000000084800000, 0x0000000100000000)
  region size 1024K, 4 young (4096K), 4 survivors (4096K)
 Metaspace       used 67671K, committed 68416K, reserved 1114112K
  class space    used 9993K, committed 10304K, reserved 1048576K
}
Event: 6.275 GC heap before
{Heap before GC invocations=21 (full 0):
 garbage-first heap   total 79872K, used 69263K [0x0000000084800000, 0x0000000100000000)
  region size 1024K, 36 young (36864K), 4 survivors (4096K)
 Metaspace       used 67678K, committed 68416K, reserved 1114112K
  class space    used 9994K, committed 10304K, reserved 1048576K
}
Event: 6.278 GC heap after
{Heap after GC invocations=22 (full 0):
 garbage-first heap   total 79872K, used 35161K [0x0000000084800000, 0x0000000100000000)
  region size 1024K, 1 young (1024K), 1 survivors (1024K)
 Metaspace       used 67678K, committed 68416K, reserved 1114112K
  class space    used 9994K, committed 10304K, reserved 1048576K
}
Event: 6.337 GC heap before
{Heap before GC invocations=22 (full 0):
 garbage-first heap   total 79872K, used 73049K [0x0000000084800000, 0x0000000100000000)
  region size 1024K, 38 young (38912K), 1 survivors (1024K)
 Metaspace       used 67754K, committed 68480K, reserved 1114112K
  class space    used 10004K, committed 10304K, reserved 1048576K
}
Event: 6.346 GC heap after
{Heap after GC invocations=23 (full 0):
 garbage-first heap   total 87040K, used 47467K [0x0000000084800000, 0x0000000100000000)
  region size 1024K, 5 young (5120K), 5 survivors (5120K)
 Metaspace       used 67754K, committed 68480K, reserved 1114112K
  class space    used 10004K, committed 10304K, reserved 1048576K
}
Event: 6.380 GC heap before
{Heap before GC invocations=23 (full 0):
 garbage-first heap   total 87040K, used 73067K [0x0000000084800000, 0x0000000100000000)
  region size 1024K, 30 young (30720K), 5 survivors (5120K)
 Metaspace       used 67754K, committed 68480K, reserved 1114112K
  class space    used 10004K, committed 10304K, reserved 1048576K
}
Event: 6.387 GC heap after
{Heap after GC invocations=24 (full 0):
 garbage-first heap   total 87040K, used 52966K [0x0000000084800000, 0x0000000100000000)
  region size 1024K, 4 young (4096K), 4 survivors (4096K)
 Metaspace       used 67754K, committed 68480K, reserved 1114112K
  class space    used 10004K, committed 10304K, reserved 1048576K
}
Event: 6.459 GC heap before
{Heap before GC invocations=25 (full 0):
 garbage-first heap   total 107520K, used 74470K [0x0000000084800000, 0x0000000100000000)
  region size 1024K, 25 young (25600K), 4 survivors (4096K)
 Metaspace       used 67830K, committed 68608K, reserved 1114112K
  class space    used 10025K, committed 10368K, reserved 1048576K
}

Dll operation events (9 events):
Event: 0.008 Loaded shared library C:\Program Files\Java\jdk-21\bin\java.dll
Event: 0.068 Loaded shared library C:\Program Files\Java\jdk-21\bin\net.dll
Event: 0.070 Loaded shared library C:\Program Files\Java\jdk-21\bin\nio.dll
Event: 0.073 Loaded shared library C:\Program Files\Java\jdk-21\bin\zip.dll
Event: 0.145 Loaded shared library C:\Program Files\Java\jdk-21\bin\jimage.dll
Event: 0.424 Loaded shared library C:\Program Files\Java\jdk-21\bin\management.dll
Event: 0.430 Loaded shared library C:\Program Files\Java\jdk-21\bin\management_ext.dll
Event: 1.192 Loaded shared library C:\Program Files\Java\jdk-21\bin\sunmscapi.dll
Event: 3.274 Loaded shared library C:\Program Files\Java\jdk-21\bin\extnet.dll

Deoptimization events (2 events):
Event: 2.012 Thread 0x000001456090bcc0 DEOPT PACKING pc=0x000001451328db8c sp=0x00000044509fc070
Event: 2.012 Thread 0x000001456090bcc0 DEOPT UNPACKING pc=0x0000014512b54e42 sp=0x00000044509fb530 mode 0

Classes loaded (20 events):
Event: 6.083 Loading class jdk/internal/reflect/ClassFileAssembler
Event: 6.083 Loading class jdk/internal/reflect/ClassFileAssembler done
Event: 6.083 Loading class jdk/internal/reflect/UTF8
Event: 6.083 Loading class jdk/internal/reflect/UTF8 done
Event: 6.084 Loading class jdk/internal/reflect/Label
Event: 6.084 Loading class jdk/internal/reflect/Label done
Event: 6.084 Loading class jdk/internal/reflect/Label$PatchInfo
Event: 6.084 Loading class jdk/internal/reflect/Label$PatchInfo done
Event: 6.084 Loading class jdk/internal/reflect/MethodAccessorGenerator$1
Event: 6.084 Loading class jdk/internal/reflect/MethodAccessorGenerator$1 done
Event: 6.084 Loading class jdk/internal/reflect/ClassDefiner
Event: 6.084 Loading class jdk/internal/reflect/ClassDefiner done
Event: 6.084 Loading class jdk/internal/reflect/ClassDefiner$1
Event: 6.084 Loading class jdk/internal/reflect/ClassDefiner$1 done
Event: 6.084 Loading class jdk/internal/reflect/SerializationConstructorAccessorImpl
Event: 6.085 Loading class jdk/internal/reflect/SerializationConstructorAccessorImpl done
Event: 6.095 Loading class java/lang/invoke/MethodHandleImpl$CountingWrapper$1
Event: 6.096 Loading class java/lang/invoke/MethodHandleImpl$CountingWrapper$1 done
Event: 6.405 Loading class jdk/internal/loader/BootLoader$PackageHelper
Event: 6.406 Loading class jdk/internal/loader/BootLoader$PackageHelper done

Classes unloaded (3 events):
Event: 6.419 Thread 0x000001451ad7c870 Unloading class 0x000001451ca2c000 'jdk/internal/reflect/GeneratedSerializationConstructorAccessor3'
Event: 6.419 Thread 0x000001451ad7c870 Unloading class 0x000001451ca24400 'jdk/internal/reflect/GeneratedSerializationConstructorAccessor2'
Event: 6.419 Thread 0x000001451ad7c870 Unloading class 0x000001451ca24000 'jdk/internal/reflect/GeneratedSerializationConstructorAccessor1'

Classes redefined (0 events):
No events

Internal exceptions (20 events):
Event: 4.497 Thread 0x000001456090bcc0 Exception <a 'java/lang/NoSuchMethodError'{0x00000000896e2df0}: 'int java.lang.invoke.DirectMethodHandle$Holder.invokeStatic(java.lang.Object, int, java.lang.Object)'> (0x00000000896e2df0) 
thrown [s\open\src\hotspot\share\interpreter\linkResolver.cpp, line 773]
Event: 4.498 Thread 0x000001456090bcc0 Exception <a 'java/lang/NoSuchMethodError'{0x00000000896f8fd8}: 'void java.lang.invoke.DirectMethodHandle$Holder.invokeSpecial(java.lang.Object, java.lang.Object, java.lang.Object, java.lang.Object, java.lang.Object, int, java.lang.Object, java.lang.Object)'> (0x00000000896f8fd8) 
thrown [s\open\src\hotspot\share\interpreter\linkResolver.cpp, line 773]
Event: 4.507 Thread 0x000001456090bcc0 Exception <a 'java/lang/NoSuchMethodError'{0x00000000895283b0}: 'java.lang.Object java.lang.invoke.Invokers$Holder.linkToTargetMethod(java.lang.Object, java.lang.Object, java.lang.Object, java.lang.Object, java.lang.Object, java.lang.Object, java.lang.Object, java.lang.Object, java.lang.Object, java.lang.Object, java.lang.Object, java.lang.Object)'> (0x00000000895283b0) 
thrown [s\open\src\hotspot\share\interpreter\linkResolver.cpp, line 773]
Event: 4.524 Thread 0x000001456090bcc0 Exception <a 'java/lang/IncompatibleClassChangeError'{0x00000000895bbd80}: Found class java.lang.Object, but interface was expected> (0x00000000895bbd80) 
thrown [s\open\src\hotspot\share\interpreter\linkResolver.cpp, line 840]
Event: 4.547 Thread 0x000001456090bcc0 Exception <a 'java/lang/IncompatibleClassChangeError'{0x00000000894ed390}: Found class java.lang.Object, but interface was expected> (0x00000000894ed390) 
thrown [s\open\src\hotspot\share\interpreter\linkResolver.cpp, line 840]
Event: 4.554 Thread 0x000001456090bcc0 Exception <a 'java/lang/NoSuchMethodError'{0x0000000089363990}: 'java.lang.Object java.lang.invoke.DirectMethodHandle$Holder.newInvokeSpecial(java.lang.Object, java.lang.Object, java.lang.Object, java.lang.Object, java.lang.Object, java.lang.Object, java.lang.Object, int)'> (0x0000000089363990) 
thrown [s\open\src\hotspot\share\interpreter\linkResolver.cpp, line 773]
Event: 4.554 Thread 0x000001456090bcc0 Exception <a 'java/lang/NoSuchMethodError'{0x0000000089367f00}: 'java.lang.Object java.lang.invoke.DirectMethodHandle$Holder.invokeSpecial(java.lang.Object, java.lang.Object, java.lang.Object, java.lang.Object, java.lang.Object, java.lang.Object, java.lang.Object, java.lang.Object, int)'> (0x0000000089367f00) 
thrown [s\open\src\hotspot\share\interpreter\linkResolver.cpp, line 773]
Event: 4.554 Thread 0x000001456090bcc0 Exception <a 'java/lang/NoSuchMethodError'{0x000000008936bf28}: 'java.lang.Object java.lang.invoke.Invokers$Holder.linkToTargetMethod(java.lang.Object, java.lang.Object, java.lang.Object, java.lang.Object, java.lang.Object, java.lang.Object, int, java.lang.Object)'> (0x000000008936bf28) 
thrown [s\open\src\hotspot\share\interpreter\linkResolver.cpp, line 773]
Event: 4.570 Thread 0x000001456090bcc0 Exception <a 'java/lang/NoSuchMethodError'{0x00000000892563e0}: 'java.lang.Object java.lang.invoke.DirectMethodHandle$Holder.newInvokeSpecial(java.lang.Object, java.lang.Object, int, java.lang.Object, int, java.lang.Object, java.lang.Object)'> (0x00000000892563e0) 
thrown [s\open\src\hotspot\share\interpreter\linkResolver.cpp, line 773]
Event: 4.939 Thread 0x000001456090bcc0 Exception <a 'java/lang/NoSuchMethodError'{0x0000000087bf09f0}: 'java.lang.Object java.lang.invoke.DirectMethodHandle$Holder.invokeSpecial(java.lang.Object, java.lang.Object, int, java.lang.Object, int)'> (0x0000000087bf09f0) 
thrown [s\open\src\hotspot\share\interpreter\linkResolver.cpp, line 773]
Event: 5.103 Thread 0x000001456090bcc0 Exception <a 'java/lang/IncompatibleClassChangeError'{0x00000000871073a8}: Found class java.lang.Object, but interface was expected> (0x00000000871073a8) 
thrown [s\open\src\hotspot\share\interpreter\linkResolver.cpp, line 840]
Event: 5.130 Thread 0x000001456090bcc0 Exception <a 'java/lang/IncompatibleClassChangeError'{0x000000008709aa78}: Found class java.lang.Object, but interface was expected> (0x000000008709aa78) 
thrown [s\open\src\hotspot\share\interpreter\linkResolver.cpp, line 840]
Event: 5.225 Thread 0x000001456090bcc0 Exception <a 'java/lang/NoSuchMethodError'{0x0000000086a3bf78}: 'void java.lang.invoke.Invokers$Holder.invokeExact_MT(java.lang.Object, java.lang.Object, java.lang.Object, java.lang.Object)'> (0x0000000086a3bf78) 
thrown [s\open\src\hotspot\share\interpreter\linkResolver.cpp, line 773]
Event: 5.335 Thread 0x000001456090bcc0 Exception <a 'java/lang/IncompatibleClassChangeError'{0x00000000896644f8}: Found class java.lang.Object, but interface was expected> (0x00000000896644f8) 
thrown [s\open\src\hotspot\share\interpreter\linkResolver.cpp, line 840]
Event: 5.341 Thread 0x000001456090bcc0 Exception <a 'java/lang/NoSuchMethodError'{0x00000000896c1a00}: 'java.lang.Object java.lang.invoke.DirectMethodHandle$Holder.invokeStatic(java.lang.Object, int, java.lang.Object, java.lang.Object)'> (0x00000000896c1a00) 
thrown [s\open\src\hotspot\share\interpreter\linkResolver.cpp, line 773]
Event: 5.341 Thread 0x000001456090bcc0 Exception <a 'java/lang/NoSuchMethodError'{0x00000000896c5db8}: 'java.lang.Object java.lang.invoke.DirectMethodHandle$Holder.invokeSpecial(java.lang.Object, java.lang.Object, int, java.lang.Object, java.lang.Object)'> (0x00000000896c5db8) 
thrown [s\open\src\hotspot\share\interpreter\linkResolver.cpp, line 773]
Event: 5.341 Thread 0x000001456090bcc0 Exception <a 'java/lang/NoSuchMethodError'{0x00000000896c9aa8}: 'java.lang.Object java.lang.invoke.DelegatingMethodHandle$Holder.delegate(java.lang.Object, int, java.lang.Object, java.lang.Object)'> (0x00000000896c9aa8) 
thrown [s\open\src\hotspot\share\interpreter\linkResolver.cpp, line 773]
Event: 5.342 Thread 0x000001456090bcc0 Exception <a 'java/lang/NoSuchMethodError'{0x00000000896d8e90}: 'int java.lang.invoke.Invokers$Holder.linkToTargetMethod(java.lang.Object, java.lang.Object, java.lang.Object)'> (0x00000000896d8e90) 
thrown [s\open\src\hotspot\share\interpreter\linkResolver.cpp, line 773]
Event: 6.008 Thread 0x000001456090bcc0 Exception <a 'java/lang/NoSuchMethodError'{0x00000000898e6290}: 'int java.lang.invoke.DirectMethodHandle$Holder.invokeStaticInit(java.lang.Object, int, java.lang.Object, java.lang.Object, java.lang.Object, java.lang.Object)'> (0x00000000898e6290) 
thrown [s\open\src\hotspot\share\interpreter\linkResolver.cpp, line 773]
Event: 6.125 Thread 0x000001456090bcc0 Exception <a 'java/lang/IncompatibleClassChangeError'{0x0000000089262c20}: Found class java.lang.Object, but interface was expected> (0x0000000089262c20) 
thrown [s\open\src\hotspot\share\interpreter\linkResolver.cpp, line 840]

ZGC Phase Switch (0 events):
No events

VM Operations (20 events):
Event: 6.031 Executing VM operation: HandshakeAllThreads (Deoptimize) done
Event: 6.034 Executing VM operation: HandshakeAllThreads (Deoptimize)
Event: 6.034 Executing VM operation: HandshakeAllThreads (Deoptimize) done
Event: 6.052 Executing VM operation: HandshakeAllThreads (Deoptimize)
Event: 6.052 Executing VM operation: HandshakeAllThreads (Deoptimize) done
Event: 6.182 Executing VM operation: G1CollectForAllocation (G1 Evacuation Pause)
Event: 6.185 Executing VM operation: G1CollectForAllocation (G1 Evacuation Pause) done
Event: 6.217 Executing VM operation: G1CollectForAllocation (G1 Evacuation Pause)
Event: 6.221 Executing VM operation: G1CollectForAllocation (G1 Evacuation Pause) done
Event: 6.275 Executing VM operation: G1CollectForAllocation (G1 Evacuation Pause)
Event: 6.278 Executing VM operation: G1CollectForAllocation (G1 Evacuation Pause) done
Event: 6.337 Executing VM operation: G1CollectForAllocation (G1 Evacuation Pause)
Event: 6.346 Executing VM operation: G1CollectForAllocation (G1 Evacuation Pause) done
Event: 6.380 Executing VM operation: G1CollectForAllocation (G1 Evacuation Pause)
Event: 6.387 Executing VM operation: G1CollectForAllocation (G1 Evacuation Pause) done
Event: 6.419 Executing VM operation: G1PauseRemark
Event: 6.426 Executing VM operation: G1PauseRemark done
Event: 6.442 Executing VM operation: G1PauseCleanup
Event: 6.442 Executing VM operation: G1PauseCleanup done
Event: 6.459 Executing VM operation: G1CollectForAllocation (G1 Evacuation Pause)

Events (20 events):
Event: 5.983 Thread 0x000001451ad7c870 flushing nmethod 0x00000145133b8d10
Event: 5.983 Thread 0x000001451ad7c870 flushing nmethod 0x00000145134cd610
Event: 6.426 Thread 0x000001451ad7c870 flushing nmethod 0x0000014513741790
Event: 6.426 Thread 0x000001451ad7c870 flushing nmethod 0x00000145131f4510
Event: 6.426 Thread 0x000001451ad7c870 flushing nmethod 0x00000145131f4910
Event: 6.426 Thread 0x000001451ad7c870 flushing nmethod 0x0000014513672d90
Event: 6.426 Thread 0x000001451ad7c870 flushing nmethod 0x000001451374db10
Event: 6.426 Thread 0x000001451ad7c870 flushing nmethod 0x00000145131cad90
Event: 6.426 Thread 0x000001451ad7c870 flushing nmethod 0x00000145134dfc90
Event: 6.426 Thread 0x000001451ad7c870 flushing nmethod 0x0000014513150390
Event: 6.426 Thread 0x000001451ad7c870 flushing nmethod 0x0000014513523290
Event: 6.426 Thread 0x000001451ad7c870 flushing nmethod 0x0000014513760010
Event: 6.426 Thread 0x000001451ad7c870 flushing nmethod 0x0000014513774a10
Event: 6.426 Thread 0x000001451ad7c870 flushing nmethod 0x00000145133a4890
Event: 6.426 Thread 0x000001451ad7c870 flushing nmethod 0x0000014513659610
Event: 6.426 Thread 0x000001451ad7c870 flushing nmethod 0x000001451317ff10
Event: 6.426 Thread 0x000001451ad7c870 flushing nmethod 0x00000145134f8e10
Event: 6.426 Thread 0x000001451ad7c870 flushing nmethod 0x0000014513663090
Event: 6.426 Thread 0x000001451ad7c870 flushing nmethod 0x000001451376d390
Event: 6.426 Thread 0x000001451ad7c870 flushing nmethod 0x000001451375c610


Dynamic libraries:
0x00007ff701de0000 - 0x00007ff701df0000 	C:\Program Files\Java\jdk-21\bin\java.exe
0x00007ffb9a360000 - 0x00007ffb9a5c7000 	C:\WINDOWS\SYSTEM32\ntdll.dll
0x00007ffb98930000 - 0x00007ffb989f9000 	C:\WINDOWS\System32\KERNEL32.DLL
0x00007ffb97880000 - 0x00007ffb97c6f000 	C:\WINDOWS\System32\KERNELBASE.dll
0x00007ffb97e80000 - 0x00007ffb97fcb000 	C:\WINDOWS\System32\ucrtbase.dll
0x00007ffb7ffb0000 - 0x00007ffb7ffc9000 	C:\Program Files\Java\jdk-21\bin\jli.dll
0x00007ffb99350000 - 0x00007ffb99404000 	C:\WINDOWS\System32\ADVAPI32.dll
0x00007ffb80040000 - 0x00007ffb8005b000 	C:\Program Files\Java\jdk-21\bin\VCRUNTIME140.dll
0x00007ffb996b0000 - 0x00007ffb99759000 	C:\WINDOWS\System32\msvcrt.dll
0x00007ffb992a0000 - 0x00007ffb99346000 	C:\WINDOWS\System32\sechost.dll
0x00007ffb98100000 - 0x00007ffb98218000 	C:\WINDOWS\System32\RPCRT4.dll
0x00007ffb98380000 - 0x00007ffb98545000 	C:\WINDOWS\System32\USER32.dll
0x00007ffb977a0000 - 0x00007ffb977c7000 	C:\WINDOWS\System32\win32u.dll
0x00007ffb98a00000 - 0x00007ffb98a2b000 	C:\WINDOWS\System32\GDI32.dll
0x00007ffb7e420000 - 0x00007ffb7e6b3000 	C:\WINDOWS\WinSxS\amd64_microsoft.windows.common-controls_6595b64144ccf1df_6.0.26100.7309_none_3e05feeae336a044\COMCTL32.dll
0x00007ffb97fd0000 - 0x00007ffb980fc000 	C:\WINDOWS\System32\gdi32full.dll
0x00007ffb97c80000 - 0x00007ffb97d23000 	C:\WINDOWS\System32\msvcp_win.dll
0x00007ffb96d90000 - 0x00007ffb96d9b000 	C:\WINDOWS\SYSTEM32\VERSION.dll
0x00007ffb990d0000 - 0x00007ffb99101000 	C:\WINDOWS\System32\IMM32.DLL
0x0000000066030000 - 0x000000006603c000 	C:\Program Files (x86)\360\Total Security\safemon\SafeWrapper.dll
0x00007ffb673e0000 - 0x00007ffb6748c000 	C:\Program Files (x86)\360\Total Security\safemon\libzdtp64.dll
0x00007ffb99760000 - 0x00007ffb99eb3000 	C:\WINDOWS\System32\SHELL32.dll
0x00007ffb974b0000 - 0x00007ffb9761a000 	C:\WINDOWS\System32\wintypes.dll
0x00007ffb99f40000 - 0x00007ffb9a2c6000 	C:\WINDOWS\System32\combase.dll
0x00007ffb99ec0000 - 0x00007ffb99f26000 	C:\WINDOWS\System32\SHLWAPI.dll
0x00007ffb805f0000 - 0x00007ffb805fc000 	C:\Program Files\Java\jdk-21\bin\vcruntime140_1.dll
0x00007ffb622e0000 - 0x00007ffb6236e000 	C:\Program Files\Java\jdk-21\bin\msvcp140.dll
0x00007ffab83e0000 - 0x00007ffab90fd000 	C:\Program Files\Java\jdk-21\bin\server\jvm.dll
0x00007ffb98550000 - 0x00007ffb985c4000 	C:\WINDOWS\System32\WS2_32.dll
0x00007ffb97310000 - 0x00007ffb9736e000 	C:\WINDOWS\SYSTEM32\POWRPROF.dll
0x00007ffb8c730000 - 0x00007ffb8c765000 	C:\WINDOWS\SYSTEM32\WINMM.dll
0x00007ffb972f0000 - 0x00007ffb97304000 	C:\WINDOWS\SYSTEM32\UMPDC.dll
0x00007ffb961f0000 - 0x00007ffb9620b000 	C:\WINDOWS\SYSTEM32\kernel.appcore.dll
0x00007ffb803b0000 - 0x00007ffb803ba000 	C:\Program Files\Java\jdk-21\bin\jimage.dll
0x00007ffb955b0000 - 0x00007ffb957f2000 	C:\WINDOWS\SYSTEM32\DBGHELP.DLL
0x00007ffb98220000 - 0x00007ffb982f6000 	C:\WINDOWS\System32\OLEAUT32.dll
0x00007ffb71400000 - 0x00007ffb7143c000 	C:\WINDOWS\SYSTEM32\dbgcore.DLL
0x00007ffb977d0000 - 0x00007ffb97875000 	C:\WINDOWS\System32\bcryptPrimitives.dll
0x00007ffb6c430000 - 0x00007ffb6c44f000 	C:\Program Files\Java\jdk-21\bin\java.dll
0x00007ffb924b0000 - 0x00007ffb92d0e000 	C:\WINDOWS\SYSTEM32\windows.storage.dll
0x00007ffb99410000 - 0x00007ffb99504000 	C:\WINDOWS\System32\SHCORE.dll
0x00007ffb973d0000 - 0x00007ffb973f9000 	C:\WINDOWS\SYSTEM32\profapi.dll
0x00007ffb7fc00000 - 0x00007ffb7fc10000 	C:\Program Files\Java\jdk-21\bin\net.dll
0x00007ffb87350000 - 0x00007ffb87478000 	C:\WINDOWS\SYSTEM32\WINHTTP.dll
0x00007ffb96760000 - 0x00007ffb967cb000 	C:\WINDOWS\system32\mswsock.dll
0x00007ffb6c410000 - 0x00007ffb6c426000 	C:\Program Files\Java\jdk-21\bin\nio.dll
0x00007ffb6c3f0000 - 0x00007ffb6c408000 	C:\Program Files\Java\jdk-21\bin\zip.dll
0x00007ffb6d900000 - 0x00007ffb6d90a000 	C:\Program Files\Java\jdk-21\bin\management.dll
0x00007ffb6c500000 - 0x00007ffb6c50b000 	C:\Program Files\Java\jdk-21\bin\management_ext.dll
0x00007ffb98670000 - 0x00007ffb98678000 	C:\WINDOWS\System32\PSAPI.DLL
0x00007ffb6c3e0000 - 0x00007ffb6c3ee000 	C:\Program Files\Java\jdk-21\bin\sunmscapi.dll
0x00007ffb97620000 - 0x00007ffb97797000 	C:\WINDOWS\System32\CRYPT32.dll
0x00007ffb96c40000 - 0x00007ffb96c70000 	C:\WINDOWS\SYSTEM32\ncrypt.dll
0x00007ffb96bf0000 - 0x00007ffb96c2f000 	C:\WINDOWS\SYSTEM32\NTASN1.dll
0x00007ffb96a20000 - 0x00007ffb96a3b000 	C:\WINDOWS\SYSTEM32\CRYPTSP.dll
0x00007ffb96150000 - 0x00007ffb9618a000 	C:\WINDOWS\system32\rsaenh.dll
0x00007ffb96810000 - 0x00007ffb9683b000 	C:\WINDOWS\SYSTEM32\USERENV.dll
0x00007ffb973a0000 - 0x00007ffb973ca000 	C:\WINDOWS\SYSTEM32\bcrypt.dll
0x00007ffb96a40000 - 0x00007ffb96a4c000 	C:\WINDOWS\SYSTEM32\CRYPTBASE.dll
0x00007ffb95d50000 - 0x00007ffb95d84000 	C:\WINDOWS\SYSTEM32\IPHLPAPI.DLL
0x00007ffb98a30000 - 0x00007ffb98a3a000 	C:\WINDOWS\System32\NSI.dll
0x00007ffb95d90000 - 0x00007ffb95ebc000 	C:\WINDOWS\SYSTEM32\DNSAPI.dll
0x00007ffb86470000 - 0x00007ffb8647b000 	C:\Windows\System32\rasadhlp.dll
0x00007ffb8e830000 - 0x00007ffb8e8b6000 	C:\WINDOWS\System32\fwpuclnt.dll
0x00007ffb6c1b0000 - 0x00007ffb6c1b9000 	C:\Program Files\Java\jdk-21\bin\extnet.dll

dbghelp: loaded successfully - version: 4.0.5 - missing functions: none
symbol engine: initialized successfully - sym options: 0x614 - pdb path: .;C:\Program Files\Java\jdk-21\bin;C:\WINDOWS\SYSTEM32;C:\WINDOWS\WinSxS\amd64_microsoft.windows.common-controls_6595b64144ccf1df_6.0.26100.7309_none_3e05feeae336a044;C:\Program Files (x86)\360\Total Security\safemon;C:\Program Files\Java\jdk-21\bin\server

VM Arguments:
jvm_args: -XX:TieredStopAtLevel=1 
java_command: com.example.springbootagrolink.SpringBootAgrolinkApplication
java_class_path (initial): C:\ProyectoAgro_TrimestreV\springBoot_Agrolink\target\classes;C:\Users\User\.m2\repository\ch\qos\logback\logback-classic\1.5.21\logback-classic-1.5.21.jar;C:\Users\User\.m2\repository\ch\qos\logback\logback-core\1.5.21\logback-core-1.5.21.jar;C:\Users\User\.m2\repository\org\apache\logging\log4j\log4j-to-slf4j\2.25.2\log4j-to-slf4j-2.25.2.jar;C:\Users\User\.m2\repository\org\apache\logging\log4j\log4j-api\2.25.2\log4j-api-2.25.2.jar;C:\Users\User\.m2\repository\org\slf4j\jul-to-slf4j\2.0.17\jul-to-slf4j-2.0.17.jar;C:\Users\User\.m2\repository\jakarta\annotation\jakarta.annotation-api\3.0.0\jakarta.annotation-api-3.0.0.jar;C:\Users\User\.m2\repository\org\yaml\snakeyaml\2.5\snakeyaml-2.5.jar;C:\Users\User\.m2\repository\com\zaxxer\HikariCP\7.0.2\HikariCP-7.0.2.jar;C:\Users\User\.m2\repository\org\springframework\boot\spring-boot-data-jpa\4.0.0\spring-boot-data-jpa-4.0.0.jar;C:\Users\User\.m2\repository\org\springframework\boot\spring-boot-data-commons\4.0.0\spring-boot-data-commons-4.0.0.jar;C:\Users\User\.m2\repository\org\springframework\boot\spring-boot-persistence\4.0.0\spring-boot-persistence-4.0.0.jar;C:\Users\User\.m2\repository\org\springframework\data\spring-data-commons\4.0.0\spring-data-commons-4.0.0.jar;C:\Users\User\.m2\repository\org\springframework\boot\spring-boot-hibernate\4.0.0\spring-boot-hibernate-4.0.0.jar;C:\Users\User\.m2\repository\org\springframework\boot\spring-boot-jpa\4.0.0\spring-boot-jpa-4.0.0.jar;C:\Users\User\.m2\repository\jakarta\persistence\jakarta.persistence-api\3.2.0\jakarta.persistence-api-3.2.0.jar;C:\Users\User\.m2\repository\org\hibernate\orm\hibernate-core\7.1.8.Final\hibernate-core-7.1.8.Final.jar;C:\Users\User\.m2\repository\jakarta\transaction\jakarta.transaction-api\2.0.1\jakarta.transaction-api-2.0.1.jar;C:\Users\User\.m2\repository\org\jboss\logging\jboss-logging\3.6.1.Final\jboss-logging-3.6.1.Final.jar;C:\Users\User\.m2\repository\org\hibernate\models\hibernate-models\1.0.1\hibernate-models-1.0.1.jar;C:\Users\User\.m2\repository\com\fasterxml\classmate\1.7.1\classmate-1.7.1.jar;C:\Users\User\.m2\repository\org\glassfish\jaxb\jaxb-runtime\4.0.6\jaxb-runtime-4.0.6.jar;C:\Users\User\.m2\repository\org\glassfish\jaxb\jaxb-core\4.0.6\jaxb-core-4.0.6.jar;C:\Users\User\.m2\repository\org\eclipse\angus\angus-activation\2.0.3\angus-activation-2.0.3.jar;C:\Users\User\.m2\repository\org\glassfish\jaxb\txw2\4.0.6\txw2-4.0.6.jar;C:\Users\User\.m2\repository\com\sun\istack\istack-commons-runtime\4.1.2\istack-commons-runtime-4.1.2.jar;C:\Users\User\.m2\repository\jakarta\inject\jakarta.inject-api\2.0.1\jakarta.inject-api-2.0.1.jar;C:\Users\User\.m2\repository\org\springframework\spring-orm\7.0.1\spring-orm-7.0.1.jar;C:\Users\User\.m2\repository\org\springframework\data\spring-data-jpa\4.0.0\spring-data-jpa-4.0.0.jar;C:\Users\User\.m2\repository\org\springframework\spring-aop\7.0.1\spring-aop-7.0.1.jar;C:\Users\User\.m2\repository\org\springframework\spring-tx\7.0.1\spring-tx-7.0.1.jar;C:\Users\User\.m2\repository\org\springframework\spring-beans\7.0.1\spring-beans-7.0.1.jar;C:\Users\User\.m2\repository\org\antlr\antlr4-runtime\4.13.2\antlr4-runtime-4.13.2.jar;C:\Users\User\.m2\repository\org\springframework\spring-aspects\7.0.1\spring-aspects-7.0.1.jar;C:\Users\User\.m2\repository\org\aspectj\aspectjweaver\1.9.25\aspectjweaver-1.9.25.jar;C:\Users\User\.m2\repository\org\springframework\boot\spring-boot-jdbc\4.0.0\spring-boot-jdbc-4.0.0.jar;C:\Users\User\.m2\repository\org\springframework\boot\spring-boot-sql\4.0.0\spring-boot-sql-4.0.0.jar;C:\Users\User\.m2\repository\org\springframework\boot\spring-boot-transaction\4.0.0\spring-boot-transaction-4.0.0.jar;C:\Users\User\.m2\repository\org\springframework\spring-jdbc\7.0.1\spring-jdbc-7.0.1.jar;C:\Users\User\.m2\repository\com\mysql\mysql-connector-j\9.5.0\mysql-connector-j-9.5.0.jar;C:\Users\User\.m2\repository\org\springframework\boot\spring-boot-thymeleaf\4.0.0\spring-boot-thymeleaf-4.0.0.jar;C:\Users\User\.m2\repository\org\thymeleaf\thymeleaf-spring6\3.1.3.RELEASE\thymeleaf-spring6-3.1.3.RELEASE.jar;C:\Users\User\.m2\repository\org\thymeleaf\thymeleaf\3.1.3.RELEASE\thymeleaf-3.1.3.RELEASE.jar;C:\Users\User\.m2\repository\org\attoparser\attoparser\2.0.7.RELEASE\attoparser-2.0.7.RELEASE.jar;C:\Users\User\.m2\repository\org\unbescape\unbescape\1.1.6.RELEASE\unbescape-1.1.6.RELEASE.jar;C:\Users\User\.m2\repository\org\springframework\spring-web\7.0.1\spring-web-7.0.1.jar;C:\Users\User\.m2\repository\io\micrometer\micrometer-observation\1.16.0\micrometer-observation-1.16.0.jar;C:\Users\User\.m2\repository\io\micrometer\micrometer-commons\1.16.0\micrometer-commons-1.16.0.jar;C:\Users\User\.m2\repository\org\springframework\boot\spring-boot-jackson\4.0.0\spring-boot-jackson-4.0.0.jar;C:\Users\User\.m2\repository\tools\jackson\core\jackson-databind\3.0.2\jackson-databind-3.0.2.jar;C:\Users\User\.m2\repository\com\fasterxml\jackson\core\jackson-annotations\2.20\jackson-annotations-2.20.jar;C:\Users\User\.m2\repository\tools\jackson\core\jackson-core\3.0.2\jackson-core-3.0.2.jar;C:\Users\User\.m2\repository\org\springframework\boot\spring-boot-web-server\4.0.0\spring-boot-web-server-4.0.0.jar;C:\Users\User\.m2\repository\org\apache\tomcat\embed\tomcat-embed-core\11.0.14\tomcat-embed-core-11.0.14.jar;C:\Users\User\.m2\repository\org\apache\tomcat\embed\tomcat-embed-el\11.0.14\tomcat-embed-el-11.0.14.jar;C:\Users\User\.m2\repository\org\apache\tomcat\embed\tomcat-embed-websocket\11.0.14\tomcat-embed-websocket-11.0.14.jar;C:\Users\User\.m2\repository\org\springframework\boot\spring-boot-tomcat\4.0.0\spring-boot-tomcat-4.0.0.jar;C:\Users\User\.m2\repository\org\springframework\boot\spring-boot-http-converter\4.0.0\spring-boot-http-converter-4.0.0.jar;C:\Users\User\.m2\repository\org\springframework\boot\spring-boot-webmvc\4.0.0\spring-boot-webmvc-4.0.0.jar;C:\Users\User\.m2\repository\org\springframework\boot\spring-boot-servlet\4.0.0\spring-boot-servlet-4.0.0.jar;C:\Users\User\.m2\repository\org\springframework\spring-webmvc\7.0.1\spring-webmvc-7.0.1.jar;C:\Users\User\.m2\repository\org\springframework\spring-expression\7.0.1\spring-expression-7.0.1.jar;C:\Users\User\.m2\repository\org\springframework\boot\spring-boot-devtools\4.0.0\spring-boot-devtools-4.0.0.jar;C:\Users\User\.m2\repository\org\springframework\boot\spring-boot\4.0.0\spring-boot-4.0.0.jar;C:\Users\User\.m2\repository\org\springframework\spring-context\7.0.1\spring-context-7.0.1.jar;C:\Users\User\.m2\repository\org\springframework\boot\spring-boot-autoconfigure\4.0.0\spring-boot-autoconfigure-4.0.0.jar;C:\Users\User\.m2\repository\org\slf4j\slf4j-api\2.0.17\slf4j-api-2.0.17.jar;C:\Users\User\.m2\repository\jakarta\xml\bind\jakarta.xml.bind-api\4.0.4\jakarta.xml.bind-api-4.0.4.jar;C:\Users\User\.m2\repository\jakarta\activation\jakarta.activation-api\2.1.4\jakarta.activation-api-2.1.4.jar;C:\Users\User\.m2\repository\net\bytebuddy\byte-buddy\1.17.8\byte-buddy-1.17.8.jar;C:\Users\User\.m2\repository\org\springframework\spring-core\7.0.1\spring-core-7.0.1.jar;C:\Users\User\.m2\repository\commons-logging\commons-logging\1.3.5\commons-logging-1.3.5.jar;C:\Users\User\.m2\repository\org\jspecify\jspecify\1.0.0\jspecify-1.0.0.jar
Launcher Type: SUN_STANDARD

[Global flags]
     intx CICompilerCount                          = 4                                         {product} {ergonomic}
     uint ConcGCThreads                            = 2                                         {product} {ergonomic}
     uint G1ConcRefinementThreads                  = 8                                         {product} {ergonomic}
   size_t G1HeapRegionSize                         = 1048576                                   {product} {ergonomic}
    uintx GCDrainStackTargetSize                   = 64                                        {product} {ergonomic}
   size_t InitialHeapSize                          = 130023424                                 {product} {ergonomic}
   size_t MarkStackSize                            = 4194304                                   {product} {ergonomic}
   size_t MaxHeapSize                              = 2071986176                                {product} {ergonomic}
   size_t MaxNewSize                               = 1242562560                                {product} {ergonomic}
   size_t MinHeapDeltaBytes                        = 1048576                                   {product} {ergonomic}
   size_t MinHeapSize                              = 8388608                                   {product} {ergonomic}
    uintx NonNMethodCodeHeapSize                   = 4096                                   {pd product} {ergonomic}
    uintx NonProfiledCodeHeapSize                  = 0                                      {pd product} {ergonomic}
     bool ProfileInterpreter                       = false                                  {pd product} {command line}
    uintx ProfiledCodeHeapSize                     = 0                                      {pd product} {ergonomic}
   size_t SoftMaxHeapSize                          = 2071986176                             {manageable} {ergonomic}
     intx TieredStopAtLevel                        = 1                                         {product} {command line}
     bool UseCompressedOops                        = true                           {product lp64_product} {ergonomic}
     bool UseG1GC                                  = true                                      {product} {ergonomic}
     bool UseLargePagesIndividualAllocation        = false                                  {pd product} {ergonomic}

Logging:
Log output configuration:
 #0: stdout all=warning uptime,level,tags foldmultilines=false
 #1: stderr all=off uptime,level,tags foldmultilines=false

Environment Variables:
JAVA_HOME=C:\Program Files\Java\jdk-21
PATH=C:\Program Files\Java\jdk-21\bin;C:\Program Files\Java\jdk1.8.0_301\bin;C:\ProgramData\ComposerSetup\bin;C:\Program Files\nodejs\;C:\Program Files\Git\cmd;C:\Windows\System32;C:\apache-maven-3.9.11-bin\apache-maven-3.9.11\bin;C:\flutter\bin;C:\Windows\System32\WindowsPowerShell\v1.0;C:\Users\User\AppData\Local\Microsoft\WindowsApps;C:\Users\User\AppData\Local\Programs\Microsoft VS Code\bin;C:\mongodb-database-tools-windows-x86_64-100.13.0;C:\Program Files\MongoDB\Server\8.0\bin;C:\Program Files\MongoDB\mongosh-2.5.6-win32-x64\mongosh-2.5.6-win32-x64\bin;C:\xampp\php;C:\Users\User\AppData\Roaming\Composer\vendor\bin;C:\ProgramData\ComposerSetup\bin;C:\Users\User\AppData\Roaming\npm;C:\Users\User\AppData\Local\GitHubDesktop\bin;C:\Windows\System32;C:\flutter\bin;C:\Users\User\.m2\repository\ch\qos\logback\logback-classic\1.5.20\bin;;C:\ProyectoAgro_TrimestreV\springBoot_Agrolink\node_modules\.bin
USERNAME=User
OS=Windows_NT
PROCESSOR_IDENTIFIER=Intel64 Family 6 Model 154 Stepping 4, GenuineIntel
TMP=C:\Users\User\AppData\Local\Temp
TEMP=C:\Users\User\AppData\Local\Temp




Periodic native trim disabled

---------------  S Y S T E M  ---------------

OS:
 Windows 11 , 64 bit Build 26100 (10.0.26100.7309)
OS uptime: 3 days 20:55 hours

CPU: total 8 (initial active 8) (4 cores per cpu, 2 threads per core) family 6 model 154 stepping 4 microcode 0x423, cx8, cmov, fxsr, ht, mmx, 3dnowpref, sse, sse2, sse3, ssse3, sse4.1, sse4.2, popcnt, lzcnt, tsc, tscinvbit, avx, avx2, aes, erms, clmul, bmi1, bmi2, adx, sha, fma, vzeroupper, clflush, clflushopt, clwb, serialize, rdtscp, rdpid, fsrm, f16c, pku, cet_ibt, cet_ss
Processor Information for processor 0
  Max Mhz: 1200, Current Mhz: 1200, Mhz Limit: 1200
Processor Information for processor 1
  Max Mhz: 1200, Current Mhz: 1200, Mhz Limit: 1200
Processor Information for processor 2
  Max Mhz: 1200, Current Mhz: 1200, Mhz Limit: 1200
Processor Information for processor 3
  Max Mhz: 1200, Current Mhz: 1200, Mhz Limit: 1200
Processor Information for processor 4
  Max Mhz: 1200, Current Mhz: 900, Mhz Limit: 900
Processor Information for processor 5
  Max Mhz: 1200, Current Mhz: 900, Mhz Limit: 900
Processor Information for processor 6
  Max Mhz: 1200, Current Mhz: 900, Mhz Limit: 900
Processor Information for processor 7
  Max Mhz: 1200, Current Mhz: 900, Mhz Limit: 900

Memory: 4k page, system-wide physical 7896M (515M free)
TotalPageFile size 32472M (AvailPageFile size 32M)
current process WorkingSet (physical memory assigned to process): 260M, peak: 260M
current process commit charge ("private bytes"): 306M, peak: 332M

vm_info: Java HotSpot(TM) 64-Bit Server VM (21.0.8+12-LTS-250) for windows-amd64 JRE (21.0.8+12-LTS-250), built on 2025-06-27T08:11:22Z by "mach5one" with MS VC++ 17.6 (VS2022)

END.
